❯ sudo powerstat -Rtc 1 300
[sudo] password for kbs: 
Sorry, try again.
[sudo] password for kbs: 
Running for 300.0 seconds (300 samples at 1.0 second intervals).
Power measurements will start in 0 seconds time.

  Time    User  Nice   Sys  Idle    IO  Run Ctxt/s  IRQ/s Fork Exec Exit  Watts    GEN2 iwlwif acpitz INT340   B0D4 x86_pk acpitz acpitz
16:12:48   2.8   0.0   0.5  96.7   0.0    1   1138    457    1    0    0   0.94   43.05  27.80  20.00  44.00  44.00  44.00  29.80   0.00
16:12:49   2.0   0.0   0.8  97.0   0.3    1    876    482    0    0    0   0.91   43.05  27.80  20.00  44.00  44.00  44.00  29.80   0.00
16:12:50   2.8   0.0   0.8  96.5   0.0    1    960    550    0    0    0   0.90   43.05  27.80  20.00  44.00  44.00  44.00  29.80   0.00
16:12:51  26.1   0.0   3.0  70.1   0.8    2   3138   1703    7    5    5   4.19   43.05  27.80  20.00  51.00  51.00  50.00  29.80   0.00
16:12:52  23.4   0.0   2.5  72.8   1.3    2   1963   2029    0    0    0   4.37   43.05  27.80  20.00  51.00  51.00  50.00  29.80   0.00
16:12:53  24.6   0.0   4.5  70.6   0.3    2   2173   1182    4    3    4   4.49   43.05  27.80  20.00  51.00  51.00  51.00  29.80   0.00
16:12:54  28.0   0.0   4.0  67.5   0.5    2   4349   1630    4    2    4   4.61   43.05  27.80  20.00  53.00  53.00  52.00  29.80   0.00
16:12:55  26.1   0.0   1.5  72.2   0.3    2   2335   1193    5    3    5   4.10   43.05  27.80  20.00  53.00  53.00  51.00  29.80   0.00
16:12:56  21.9   0.0   1.5  73.3   3.3    2   3312   2043    1    1    1   3.47   43.05  27.80  20.00  48.00  48.00  49.00  29.80   0.00
16:12:57  21.8   0.0   2.5  72.7   3.0    3   3234   1980    3    2    3   3.58   43.05  27.80  20.00  50.00  50.00  51.00  29.80   0.00
16:12:58  25.1   0.0   2.0  72.6   0.3    2   1728   1120    5    3    5   4.06   43.05  27.80  20.00  52.00  52.00  52.00  29.80   0.00
16:12:59  25.6   0.0   1.8  72.4   0.3    2   1535   1160    4    3    5   4.13   43.05  27.80  20.00  52.00  52.00  52.00  29.80   0.00
16:13:00  25.7   0.0   1.5  72.8   0.0    1   6858   2809    1    1    2   4.15   43.05  27.80  20.00  48.00  48.00  52.00  29.80   0.00
16:13:01   2.8   0.0   0.5  96.7   0.0    1    917    513    0    0    2   0.90   43.05  27.80  20.00  47.00  47.00  46.00  29.80   0.00
16:13:02   2.8   0.0   0.8  96.5   0.0    1    966    506    0    0    0   0.92   43.05  27.80  20.00  46.00  46.00  46.00  29.80   0.00
16:13:03  13.1   0.0   2.8  83.9   0.3    1   2380    994   20    5   12   2.27   43.05  27.80  20.00  46.00  46.00  47.00  29.80   0.00
16:13:04   2.0  19.3   1.5  76.9   0.3    2   1174    909    4    5    5   3.56   43.05  27.80  20.00  50.00  50.00  51.00  29.80   0.00
16:13:05   1.0  24.4   1.3  73.0   0.3    2   1107    897    6    6    6   3.76   43.05  27.80  20.00  53.00  53.00  52.00  29.80   0.00
16:13:06   4.0  15.9   7.8  67.7   4.5    2   1625   1214   15   11   14   4.35   43.05  27.80  20.00  53.00  53.00  52.00  29.80   0.00
16:13:07   8.1   2.8   1.3  87.6   0.3    1   1538    840    5    6    6   2.17   43.05  27.80  20.00  47.00  47.00  47.00  29.80   0.00
16:13:08   8.6   0.0   1.3  90.1   0.0    1   1110    766    3    3    3   1.88   43.05  27.80  20.00  46.00  46.00  47.00  29.80   0.00
16:13:09   2.5   0.0   0.5  96.7   0.3    1    910    553    1    0    1   0.93   43.05  27.80  20.00  46.00  46.00  46.00  29.80   0.00
16:13:10   2.5   0.0   0.8  96.7   0.0    1    913    548    0    0    0   0.89   43.05  27.80  20.00  46.00  46.00  45.00  29.80   0.00
16:13:11   2.3   0.0   0.5  97.2   0.0    1    832    466    0    0    0   0.91   43.05  27.80  20.00  46.00  46.00  45.00  29.80   0.00
16:13:12   3.8   0.0   0.8  95.5   0.0    1   1015    502    1    0    0   0.97   44.05  27.80  20.00  45.00  45.00  45.00  29.80   0.00
16:13:13   3.8   0.0   0.8  95.5   0.0    1   1102    637    3    0    7   0.86   44.05  27.80  20.00  45.00  45.00  45.00  29.80   0.00
16:13:14   3.3   0.0   0.5  96.0   0.3    1    929    512    0    0    0   0.88   44.05  27.80  20.00  45.00  45.00  45.00  29.80   0.00
16:13:15   4.8   0.0   1.0  94.2   0.0    1   1300    544    0    0    1   0.96   44.05  27.80  20.00  45.00  45.00  45.00  29.80   0.00
16:13:16   2.5   0.0   0.8  96.7   0.0    1   1008    538    0    0    0   0.89   44.05  27.80  20.00  45.00  45.00  44.00  29.80   0.00
16:13:17   3.0   0.0   0.8  96.2   0.0    1   1052    506    1    0    0   0.92   44.05  27.80  20.00  44.00  44.00  44.00  29.80   0.00
16:13:18   3.2   0.0   1.0  95.8   0.0    1   1141    529    0    0    1   0.92   44.05  27.80  20.00  45.00  45.00  44.00  29.80   0.00
16:13:19   3.0   0.0   1.0  96.0   0.0    2    908    539    0    0    0   0.90   44.05  27.80  20.00  45.00  45.00  44.00  29.80   0.00
16:13:20   2.8   0.0   1.0  96.2   0.0    1   1029    520    0    0    0   0.94   44.05  27.80  20.00  44.00  44.00  44.00  29.80   0.00
16:13:21   3.8   0.0   2.5  93.0   0.8    1   1050    645    0    0    0   1.04   44.05  27.80  20.00  45.00  45.00  44.00  29.80   0.00
16:13:22   3.5   0.0   1.0  95.5   0.0    1   1107    599    0    0    2   0.99   43.05  27.80  20.00  44.00  44.00  44.00  29.80   0.00
16:13:23   2.8   0.0   1.0  96.2   0.0    1    925    549    0    0    0   0.90   43.05  27.80  20.00  44.00  44.00  44.00  29.80   0.00
16:13:24   2.8   0.0   0.5  96.7   0.0    1    786    418    0    0    0   0.90   43.05  27.80  20.00  44.00  44.00  44.00  29.80   0.00
16:13:25   2.3   0.0   1.0  96.7   0.0    1    855    502    0    0    0   0.89   43.05  27.80  20.00  44.00  44.00  44.00  29.80   0.00
16:13:26   2.3   0.0   1.0  96.5   0.3    1   1002    524    0    0    1   0.92   43.05  27.80  20.00  44.00  44.00  44.00  29.80   0.00
16:13:27   3.0   0.0   0.5  96.5   0.0    1   1068    543    2    0    2   0.90   43.05  27.80  20.00  44.00  44.00  44.00  29.80   0.00
16:13:28   2.5   0.0   1.0  96.5   0.0    1    930    585    0    0    2   0.90   43.05  27.80  20.00  44.00  44.00  44.00  29.80   0.00
16:13:29   2.5   0.0   0.8  96.7   0.0    1    848    485    0    0    0   0.87   43.05  27.80  20.00  44.00  44.00  43.00  29.80   0.00
16:13:30   2.3   0.0   1.0  96.7   0.0    1    844    476    0    0    0   0.89   43.05  27.80  20.00  44.00  44.00  43.00  29.80   0.00
16:13:31   2.8   0.0   0.5  96.5   0.3    1    905    505    0    0    0   0.89   43.05  27.80  20.00  44.00  44.00  43.00  29.80   0.00
16:13:32   4.0   0.0   0.5  95.5   0.0    2    943    512    0    0    1   1.02   43.05  27.80  20.00  44.00  44.00  43.00  29.80   0.00
  Time    User  Nice   Sys  Idle    IO  Run Ctxt/s  IRQ/s Fork Exec Exit  Watts    GEN2 iwlwif acpitz INT340   B0D4 x86_pk acpitz acpitz
16:13:33   2.3   0.0   1.0  96.7   0.0    1    874    483    0    0    0   0.90   43.05  27.80  20.00  44.00  44.00  43.00  29.80   0.00
16:13:34   3.0   0.0   2.0  95.0   0.0    1    948    556    1    0    0   0.94   43.05  27.80  20.00  44.00  44.00  43.00  29.80   0.00
16:13:35   2.0   0.0   0.8  97.2   0.0    1    834    495    0    0    0   0.90   43.05  27.80  20.00  44.00  44.00  43.00  29.80   0.00
16:13:36   2.5   0.0   1.0  96.5   0.0    1    816    451    0    0    0   0.90   43.05  27.80  20.00  43.00  44.00  43.00  29.80   0.00
16:13:37   2.3   0.0   0.8  96.7   0.3    1    833    493    0    0    0   0.89   43.05  27.80  20.00  43.00  43.00  43.00  29.80   0.00
16:13:38   2.0   0.0   1.0  97.0   0.0    1    896    507    0    0    0   0.90   43.05  27.80  20.00  43.00  43.00  43.00  29.80   0.00
16:13:39   2.8   0.0   0.5  96.8   0.0    1    798    399    0    0    0   0.88   43.05  27.80  20.00  43.00  43.00  43.00  29.80   0.00
16:13:40   2.5   0.0   0.8  96.7   0.0    1    891    494    0    0    0   0.90   43.05  27.80  20.00  43.00  43.00  43.00  29.80   0.00
16:13:41   2.8   0.0   0.5  96.7   0.0    1    863    471    0    0    0   0.89   43.05  27.80  20.00  43.00  43.00  43.00  29.80   0.00
16:13:42   3.5   0.0   0.8  95.7   0.0    1    926    577    0    0    1   0.95   43.05  27.80  20.00  43.00  43.00  43.00  29.80   0.00
16:13:43   3.0   0.0   0.8  96.2   0.0    1    810    439    0    0    0   0.88   43.05  27.80  20.00  43.00  43.00  43.00  29.80   0.00
16:13:44   2.5   0.0   0.8  96.7   0.0    1    843    423    0    0    1   0.90   43.05  27.80  20.00  43.00  43.00  43.00  29.80   0.00
16:13:45   2.0   0.0   1.0  97.0   0.0    1    833    465    0    0    1   0.87   43.05  27.80  20.00  43.00  43.00  43.00  29.80   0.00
16:13:46   3.0   0.0   0.5  96.5   0.0    1    895    515    0    0    0   0.90   43.05  27.80  20.00  43.00  43.00  43.00  29.80   0.00
16:13:47   2.3   0.0   0.5  97.0   0.3    1    770    434    0    0    0   0.90   43.05  27.80  20.00  43.00  43.00  43.00  29.80   0.00
16:13:48   2.8   0.0   0.5  96.7   0.0    1    801    465    0    0    0   0.89   43.05  27.80  20.00  43.00  43.00  43.00  29.80   0.00
16:13:49   3.0   0.0   0.5  96.5   0.0    1   1265    539    1    0    0   0.94   43.05  27.80  20.00  43.00  43.00  43.00  29.80   0.00
16:13:50   3.0   0.0   0.3  96.7   0.0    1    858    508    0    0    0   0.94   43.05  27.80  20.00  43.00  43.00  43.00  29.80   0.00
16:13:51   4.0   0.0   1.8  94.0   0.3    2   1396   1179    3    3    3   1.36   43.05  27.80  20.00  46.00  46.00  43.00  29.80   0.00
16:13:52   3.8   0.0   0.8  95.5   0.0    1   1269    557    1    0    0   1.03   43.05  27.80  20.00  43.00  43.00  44.00  29.80   0.00
16:13:53   2.5   0.0   0.8  96.7   0.0    1    785    464    0    0    0   0.88   43.05  27.80  20.00  43.00  43.00  43.00  29.80   0.00
16:13:54   2.5   0.0   0.3  97.2   0.0    1    857    480    0    0    0   0.89   43.05  27.80  20.00  43.00  43.00  43.00  29.80   0.00
16:13:55   2.3   0.0   0.8  97.0   0.0    1    817    480    0    0    0   0.89   43.05  27.80  20.00  43.00  43.00  43.00  29.80   0.00
16:13:56   2.0   0.0   0.3  97.7   0.0    1    795    422    0    0    0   0.89   43.05  27.80  20.00  43.00  43.00  43.00  29.80   0.00
16:13:57   2.3   0.0   0.5  97.0   0.3    1    796    440    0    0    0   0.91   43.05  27.80  20.00  43.00  43.00  43.00  29.80   0.00
16:13:58   2.8   0.0   0.5  96.7   0.0    1    934    513    0    0    0   0.89   43.05  27.80  20.00  43.00  43.00  43.00  29.80   0.00
16:13:59   2.3   0.0   0.0  97.7   0.0    1    747    415    0    0    0   0.56   43.05  27.80  20.00  42.00  43.00  43.00  29.80   0.00
16:14:00   2.8   0.0   0.8  96.5   0.0    1    859    471    0    0    0   0.48   43.05  27.80  20.00  42.00  42.00  42.00  29.80   0.00
16:14:01   2.3   0.0   0.5  97.2   0.0    1    836    449    0    0    0   0.47   43.05  27.80  20.00  43.00  43.00  42.00  29.80   0.00
16:14:02   3.5   0.0   0.8  95.7   0.0    1    839    462    0    0    2   0.52   43.05  27.80  20.00  42.00  42.00  42.00  29.80   0.00
16:14:03   2.0   0.0   0.0  97.7   0.3    1    845    499    0    0    0   0.53   43.05  27.80  20.00  42.00  42.00  42.00  29.80   0.00
16:14:04   2.3   0.0   0.5  97.2   0.0    1    825    456    0    0    0   0.47   43.05  27.80  20.00  42.00  42.00  42.00  29.80   0.00
16:14:05   2.8   0.0   0.5  96.7   0.0    1    801    418    0    0    0   0.44   43.05  27.80  20.00  42.00  42.00  42.00  29.80   0.00
16:14:06   2.5   0.0   0.8  96.7   0.0    1    899    508    0    0    0   0.51   43.05  27.80  20.00  42.00  42.00  42.00  29.80   0.00
16:14:07   2.5   0.0   0.5  97.0   0.0    1    846    423    0    0    0   0.47   43.05  27.80  20.00  41.00  42.00  42.00  29.80   0.00
16:14:08   2.3   0.0   0.5  97.2   0.0    1    834    459    0    0    0   0.46   43.05  27.80  20.00  42.00  42.00  42.00  29.80   0.00
16:14:09   2.5   0.0   0.8  96.7   0.0    1    875    518    0    0    0   0.47   43.05  27.80  20.00  42.00  42.00  41.00  29.80   0.00
16:14:10   2.0   0.0   0.5  97.5   0.0    1    895    513    0    0    0   0.47   43.05  27.80  20.00  41.00  42.00  41.00  29.80   0.00
16:14:11   2.5   0.0   0.5  97.0   0.0    1    800    447    0    0    0   0.44   43.05  27.80  20.00  41.00  42.00  41.00  29.80   0.00
16:14:12   3.5   0.0   0.8  95.7   0.0    1    946    555    0    0    0   0.53   43.05  27.80  20.00  42.00  42.00  41.00  29.80   0.00
16:14:13   2.8   0.0   0.3  97.0   0.0    1    851    517    0    0    0   0.48   43.05  27.80  20.00  42.00  42.00  41.00  29.80   0.00
16:14:14   2.3   0.0   0.5  97.2   0.0    1    772    447    0    0    0   0.45   43.05  27.80  20.00  42.00  42.00  41.00  29.80   0.00
16:14:15   2.3   0.0   0.8  97.0   0.0    1    964    538    1    0    0   0.55   43.05  27.80  20.00  41.00  41.00  41.00  29.80   0.00
16:14:16   2.8   0.0   1.0  96.2   0.0    1    886    501    0    0    0   0.49   43.05  27.80  20.00  41.00  41.00  41.00  29.80   0.00
16:14:17   2.5   0.0   0.8  96.7   0.0    1    761    418    0    0    0   0.45   43.05  27.80  20.00  41.00  41.00  41.00  29.80   0.00
  Time    User  Nice   Sys  Idle    IO  Run Ctxt/s  IRQ/s Fork Exec Exit  Watts    GEN2 iwlwif acpitz INT340   B0D4 x86_pk acpitz acpitz
16:14:18   2.5   0.0   0.3  97.2   0.0    1    886    535    0    0    0   0.53   42.05  27.80  20.00  41.00  41.00  41.00  29.80   0.00
16:14:19   2.5   0.0   0.5  97.0   0.0    1   1131    565    0    0    0   0.50   42.05  27.80  20.00  41.00  41.00  41.00  29.80   0.00
16:14:20   4.0   0.0   0.5  95.5   0.0    1   1128    515    0    0    0   0.50   42.05  27.80  20.00  42.00  42.00  41.00  29.80   0.00
16:14:21   2.8   0.0   0.5  96.7   0.0    1    874    463    0    0    0   0.47   42.05  27.80  20.00  41.00  41.00  41.00  29.80   0.00
16:14:22   3.8   0.0   0.5  95.7   0.0    1    910    582    0    0    0   0.55   42.05  27.80  20.00  41.00  41.00  41.00  29.80   0.00
16:14:23   2.8   0.0   0.3  97.0   0.0    1    773    468    0    0    0   0.44   42.05  27.80  20.00  41.00  41.00  41.00  29.80   0.00
16:14:24   2.8   0.0   1.0  96.2   0.0    1    843    502    0    0    0   0.46   42.05  27.80  20.00  41.00  41.00  40.00  29.80   0.00
16:14:25   2.5   0.0   0.5  97.0   0.0    1    839    519    0    0    0   0.45   42.05  27.80  20.00  41.00  41.00  40.00  29.80   0.00
16:14:26   2.0   0.0   0.5  97.2   0.3    1    865    495    0    0    0   0.49   42.05  27.80  20.00  41.00  41.00  40.00  29.80   0.00
16:14:27   2.0   0.0   0.5  97.5   0.0    1    830    468    0    0    0   0.46   42.05  27.80  20.00  41.00  41.00  40.00  29.80   0.00
16:14:28   2.3   0.0   0.8  97.0   0.0    1    877    563    0    0    0   0.47   42.05  27.80  20.00  41.00  41.00  40.00  29.80   0.00
16:14:29   2.3   0.0   0.3  97.5   0.0    1    918    489    1    0    0   0.45   42.05  27.80  20.00  41.00  41.00  40.00  29.80   0.00
16:14:30   2.0   0.0   0.5  97.5   0.0    1    837    481    0    0    1   0.46   42.05  27.80  20.00  41.00  41.00  40.00  29.80   0.00
16:14:31   2.8   0.0   0.5  96.7   0.0    1    818    492    0    0    0   0.46   42.05  27.80  20.00  41.00  41.00  40.00  29.80   0.00
16:14:32   3.3   0.0   0.5  96.2   0.0    1    917    517    0    0    0   0.55   42.05  27.80  20.00  41.00  41.00  40.00  29.80   0.00
16:14:33   2.5   0.0   0.8  96.7   0.0    1    785    406    0    0    0   0.45   42.05  27.80  20.00  41.00  41.00  40.00  29.80   0.00
16:14:34   2.3   0.0   0.8  97.0   0.0    1    911    514    0    0    0   0.48   42.05  27.80  20.00  41.00  41.00  40.00  29.80   0.00
16:14:35   2.3   0.0   0.5  97.2   0.0    1    753    422    0    0    0   0.45   42.05  27.80  20.00  41.00  41.00  40.00  29.80   0.00
16:14:36   2.5   0.0   0.5  97.0   0.0    1    862    483    0    0    0   0.50   42.05  27.80  20.00  41.00  41.00  40.00  29.80   0.00
16:14:37   2.5   0.0   0.5  97.0   0.0    1    812    517    0    0    0   0.50   42.05  27.80  20.00  41.00  41.00  40.00  29.80   0.00
16:14:38   2.8   0.0   0.3  97.0   0.0    1    870    495    0    0    0   0.49   42.05  27.80  20.00  41.00  41.00  40.00  29.80   0.00
16:14:39   2.0   0.0   0.5  97.5   0.0    1    846    483    0    0    0   0.47   42.05  27.80  20.00  41.00  41.00  40.00  29.80   0.00
16:14:40   3.3   0.0   0.5  96.2   0.0    1    902    544    0    0    0   0.48   42.05  27.80  20.00  41.00  41.00  40.00  29.80   0.00
16:14:41   2.8   0.0   0.8  96.5   0.0    1    800    403    0    0    0   0.43   42.05  27.80  20.00  41.00  41.00  40.00  29.80   0.00
16:14:42   3.0   0.0   0.5  96.5   0.0    1    945    526    0    0    0   0.52   42.05  27.80  20.00  41.00  41.00  40.00  29.80   0.00
16:14:43   2.5   0.0   0.3  97.0   0.3    1    886    514    0    0    0   0.48   42.05  27.80  20.00  41.00  41.00  40.00  29.80   0.00
16:14:44   2.8   0.0   0.5  96.7   0.0    2    799    472    0    0    1   0.47   42.05  27.80  20.00  41.00  41.00  40.00  29.80   0.00
16:14:45   2.5   0.0   0.5  97.0   0.0    1    830    473    0    0    0   0.45   42.05  27.80  20.00  40.00  40.00  40.00  29.80   0.00
16:14:46   2.5   0.0   0.5  97.0   0.0    1    856    506    0    0    0   0.47   42.05  27.80  20.00  41.00  41.00  40.00  29.80   0.00
16:14:47   2.5   0.0   0.3  97.2   0.0    1    797    378    0    0    0   0.44   42.05  27.80  20.00  41.00  41.00  40.00  29.80   0.00
16:14:48   2.5   0.0   0.5  97.0   0.0    1    876    503    0    0    0   0.47   41.05  27.80  20.00  41.00  41.00  40.00  29.80   0.00
16:14:49   2.5   0.0   1.3  96.2   0.0    1   1193    570    0    0    0   0.51   41.05  27.80  20.00  41.00  41.00  40.00  29.80   0.00
16:14:50   2.0   0.0   0.5  97.5   0.0    1    797    432    0    0    0   0.46   41.05  27.80  20.00  41.00  41.00  40.00  29.80   0.00
16:14:51   2.5   0.0   0.8  96.7   0.0    1    876    647    0    0    0   0.49   41.05  27.80  20.00  41.00  41.00  40.00  29.80   0.00
16:14:52   5.1   0.0   0.8  94.2   0.0    1   1440   1060    1    0    0   0.73   41.05  27.80  20.00  41.00  41.00  40.00  29.80   0.00
16:14:53   3.0   0.0   0.8  96.2   0.0    1   1175    936    0    0    0   0.66   41.05  27.80  20.00  41.00  41.00  40.00  29.80   0.00
16:14:54   4.8   0.0   1.8  93.5   0.0    1   1594   1246    0    0    0   0.77   41.05  27.80  20.00  41.00  41.00  40.00  29.80   0.00
16:14:55   6.6   0.0   0.8  92.7   0.0    1   1766    851    5    0    4   0.98   41.05  27.80  20.00  41.00  41.00  41.00  29.80   0.00
16:14:56   3.5   0.0   0.5  95.7   0.3    3   1050    894    0    0    0   0.61   41.05  27.80  20.00  41.00  41.00  40.00  29.80   0.00
16:14:57   4.0   0.0   0.8  95.2   0.0    2   1155   1124    0    0    0   0.73   41.05  27.80  20.00  41.00  41.00  40.00  29.80   0.00
16:14:58   3.6   0.0   0.8  95.7   0.0    1   1415   1041    0    0    0   0.70   41.05  27.80  20.00  41.00  41.00  40.00  29.80   0.00
16:14:59   6.0   0.0   1.5  92.5   0.0    1   1501    890    0    0    0   0.75   41.05  27.80  20.00  41.00  41.00  40.00  29.80   0.00
16:15:00   4.5   0.0   1.0  94.4   0.0    1   1167    812    0    0    0   0.71   41.05  27.80  20.00  41.00  41.00  40.00  29.80   0.00
16:15:01   3.3   0.0   1.5  94.9   0.3    1   1417   1063    0    0    0   0.65   41.05  27.80  20.00  41.00  41.00  40.00  29.80   0.00
16:15:02   8.1   0.0   0.8  91.1   0.0    1   1537   1502    0    0    1   1.24   41.05  27.80  20.00  41.00  41.00  41.00  29.80   0.00
  Time    User  Nice   Sys  Idle    IO  Run Ctxt/s  IRQ/s Fork Exec Exit  Watts    GEN2 iwlwif acpitz INT340   B0D4 x86_pk acpitz acpitz
16:15:03   5.0   0.0   0.8  94.2   0.0    2   1143    915    0    0    0   0.75   41.05  27.80  20.00  41.00  41.00  40.00  29.80   0.00
16:15:04   5.9   0.0   0.8  93.4   0.0    2   1271   1279    0    0    0   1.01   41.05  27.80  20.00  41.00  41.00  40.00  29.80   0.00
16:15:05   5.3   0.0   0.8  93.9   0.0    1   1089   1132    0    0    0   0.71   41.05  27.80  20.00  41.00  41.00  40.00  29.80   0.00
16:15:06   5.6   0.0   0.5  93.9   0.0    1   1230    904    0    0    0   0.79   41.05  27.80  20.00  41.00  41.00  40.00  29.80   0.00
16:15:07   2.0   0.0   1.0  97.0   0.0    1    803    425    0    0    0   0.47   41.05  27.80  20.00  41.00  41.00  40.00  29.80   0.00
16:15:08   2.8   0.0   0.5  96.7   0.0    2    923    572    0    0    0   0.53   41.05  27.80  20.00  41.00  41.00  40.00  29.80   0.00
16:15:09   2.3   0.0   0.8  97.0   0.0    2    851    433    0    0    0   0.48   41.05  27.80  20.00  41.00  41.00  40.00  29.80   0.00
16:15:10   2.5   0.0   0.3  97.2   0.0    2    851    406    0    0    1   0.48   41.05  27.80  20.00  41.00  41.00  40.00  29.80   0.00
16:15:11   2.5   0.0   0.5  97.0   0.0    1    915    532    0    0    0   0.48   41.05  27.80  20.00  41.00  41.00  40.00  29.80   0.00
16:15:12   4.0   0.0   0.5  95.5   0.0    2    933    544    1    0    0   0.53   41.05  27.80  20.00  41.00  41.00  40.00  29.80   0.00
16:15:13   2.5   0.0   1.0  96.5   0.0    2    872    462    0    0    0   0.49   41.05  27.80  20.00  41.00  41.00  40.00  29.80   0.00
16:15:14   2.5   0.0   0.5  97.0   0.0    2    959    546    0    0    0   0.49   41.05  27.80  20.00  41.00  41.00  40.00  29.80   0.00
16:15:15   3.3   0.0   0.3  96.5   0.0    3   1038    486    0    0    0   0.52   41.05  27.80  20.00  41.00  41.00  40.00  29.80   0.00
16:15:16   2.3   0.0   0.8  97.0   0.0    3    918    474    0    0    0   0.48   41.05  27.80  20.00  41.00  41.00  40.00  29.80   0.00
16:15:17   2.5   0.0   0.5  97.0   0.0    2    883    509    0    0    0   0.47   41.05  27.80  20.00  41.00  41.00  40.00  29.80   0.00
16:15:18   2.8   0.0   0.5  96.7   0.0    3    855    483    0    0    0   0.45   41.05  27.80  20.00  41.00  41.00  40.00  29.80   0.00
16:15:19   2.8   0.0   1.0  96.0   0.3    2   1255    568    1    0    0   0.52   41.05  27.80  20.00  41.00  41.00  40.00  29.80   0.00
16:15:20   3.0   0.0   0.3  96.7   0.0    3   1016    501    0    0    0   0.51   41.05  27.80  20.00  41.00  41.00  40.00  29.80   0.00
16:15:21   2.8   0.0   0.8  96.5   0.0    2    952    442    0    0    0   0.50   41.05  27.80  20.00  41.00  41.00  40.00  29.80   0.00
16:15:22   3.0   0.0   0.5  96.5   0.0    2    874    434    0    0    0   0.50   41.05  27.80  20.00  40.00  40.00  40.00  29.80   0.00
16:15:23   2.3   0.0   0.3  97.5   0.0    2    926    531    0    0    0   0.50   41.05  27.80  20.00  41.00  41.00  40.00  29.80   0.00
16:15:24   2.5   0.0   0.3  97.2   0.0    2    833    434    0    0    0   0.46   41.05  27.80  20.00  40.00  40.00  40.00  29.80   0.00
16:15:25   2.5   0.0   0.3  97.2   0.0    2    813    413    0    0    0   0.46   41.05  27.80  20.00  40.00  40.00  40.00  29.80   0.00
16:15:26   2.8   0.0   0.5  96.7   0.0    2    861    513    0    0    0   0.52   41.05  27.80  20.00  41.00  41.00  40.00  29.80   0.00
16:15:27   2.0   0.0   0.5  97.5   0.0    2    858    438    0    0    0   0.46   41.05  27.80  20.00  40.00  40.00  40.00  29.80   0.00
16:15:28   2.3   0.0   0.3  97.5   0.0    3    822    442    0    0    0   0.46   40.05  27.80  20.00  40.00  40.00  39.00  29.80   0.00
16:15:29   2.3   0.0   0.5  97.2   0.0    2    873    517    0    0    0   0.51   40.05  27.80  20.00  40.00  40.00  39.00  29.80   0.00
16:15:30   2.3   0.0   0.3  97.5   0.0    2    914    454    0    0    1   0.47   40.05  27.80  20.00  40.00  40.00  39.00  29.80   0.00
16:15:31   3.0   0.0   0.3  96.7   0.0    2    831    456    0    0    0   0.46   40.05  27.80  20.00  40.00  40.00  39.00  29.80   0.00
16:15:32   3.3   0.0   0.3  96.5   0.0    2   1000    566    0    0    0   0.55   40.05  27.80  20.00  41.00  41.00  39.00  29.80   0.00
16:15:33   2.5   0.0   0.3  97.2   0.0    3    825    441    0    0    0   0.47   40.05  27.80  20.00  41.00  41.00  39.00  29.80   0.00
16:15:34   2.8   0.0   0.5  96.7   0.0    3    872    510    0    0    0   0.48   40.05  27.80  20.00  40.00  40.00  39.00  29.80   0.00
16:15:35   2.3   0.0   0.0  97.7   0.0    3    921    515    2    0    2   0.48   40.05  27.80  20.00  40.00  40.00  39.00  29.80   0.00
16:15:36   2.3   0.0   0.5  97.2   0.0    2    907    459    1    0    0   0.47   40.05  27.80  20.00  40.00  40.00  39.00  29.80   0.00
16:15:37   2.3   0.0   0.5  97.2   0.0    2    895    472    0    0    0   0.47   40.05  27.80  20.00  40.00  40.00  39.00  29.80   0.00
16:15:38   2.3   0.0   0.5  97.0   0.3    2    913    497    0    0    0   0.51   40.05  27.80  20.00  40.00  40.00  39.00  29.80   0.00
16:15:39   2.5   0.0   0.5  97.0   0.0    2    812    428    0    0    0   0.46   40.05  27.80  20.00  41.00  41.00  39.00  29.80   0.00
16:15:40   2.8   0.0   0.8  96.5   0.0    2    858    435    0    0    0   0.48   40.05  27.80  20.00  40.00  40.00  39.00  29.80   0.00
16:15:41   3.0   0.0   0.3  96.7   0.0    2    852    436    0    0    0   0.48   40.05  27.80  20.00  39.00  39.00  39.00  29.80   0.00
16:15:42   4.3   0.0   0.5  95.2   0.0    2    872    466    0    0    0   0.53   40.05  27.80  20.00  40.00  40.00  39.00  29.80   0.00
16:15:43   3.2   0.0   0.5  96.2   0.0    2    889    520    0    0    0   0.48   40.05  27.80  20.00  40.00  40.00  39.00  29.80   0.00
16:15:44   2.5   0.0   0.5  97.0   0.0    2    864    447    0    0    0   0.49   40.05  27.80  20.00  40.00  40.00  39.00  29.80   0.00
16:15:45   1.8   0.0   0.5  97.7   0.0    2    804    363    0    0    0   0.45   40.05  27.80  20.00  40.00  40.00  39.00  29.80   0.00
16:15:46   2.8   0.0   0.3  97.0   0.0    2    865    499    0    0    1   0.47   40.05  27.80  20.00  40.00  40.00  39.00  29.80   0.00
16:15:47   2.8   0.0   0.5  96.7   0.0    2    866    519    0    0    0   0.47   40.05  27.80  20.00  40.00  40.00  39.00  29.80   0.00
  Time    User  Nice   Sys  Idle    IO  Run Ctxt/s  IRQ/s Fork Exec Exit  Watts    GEN2 iwlwif acpitz INT340   B0D4 x86_pk acpitz acpitz
16:15:48   2.3   0.0   0.0  97.7   0.0    2    803    416    0    0    0   0.45   40.05  27.80  20.00  40.00  40.00  39.00  29.80   0.00
16:15:49   2.5   0.0   0.5  97.0   0.0    2    884    467    0    0    0   0.49   40.05  27.80  20.00  39.00  39.00  39.00  29.80   0.00
16:15:50   2.3   0.0   0.3  97.2   0.3    2   1271    588    0    0    0   0.56   40.05  27.80  20.00  39.00  39.00  39.00  29.80   0.00
16:15:51   2.5   0.0   0.5  97.0   0.0    3    824    440    0    0    0   0.46   40.05  27.80  20.00  39.00  39.00  39.00  29.80   0.00
16:15:52   5.3   0.0   2.0  92.4   0.3    2   1774    737    5    3    3   1.09   40.05  27.80  20.00  40.00  40.00  40.00  29.80   0.00
16:15:53   2.5   0.0   0.8  96.7   0.0    2    987    509    0    0    0   0.54   40.05  27.80  20.00  40.00  40.00  39.00  29.80   0.00
16:15:54   2.3   0.0   0.3  97.5   0.0    2    837    462    0    0    0   0.46   40.05  27.80  20.00  40.00  40.00  39.00  29.80   0.00
16:15:55   3.5   0.0   0.3  96.2   0.0    2   1074    578    0    0    0   0.48   40.05  27.80  20.00  40.00  40.00  39.00  29.80   0.00
16:15:56   2.0   0.0   0.5  97.5   0.0    2   1033    445    0    0    0   0.46   40.05  27.80  20.00  40.00  40.00  39.00  29.80   0.00
16:15:57   2.5   0.0   0.5  97.0   0.0    2    824    436    0    0    0   0.46   40.05  27.80  20.00  39.00  39.00  39.00  29.80   0.00
16:15:58   2.5   0.0   0.3  97.2   0.0    2    893    545    0    0    0   0.50   40.05  27.80  20.00  39.00  39.00  39.00  29.80   0.00
16:15:59   1.8   0.0   0.3  98.0   0.0    2    819    402    0    0    0   0.45   40.05  27.80  20.00  40.00  40.00  39.00  29.80   0.00
16:16:00   2.0   0.0   0.5  97.5   0.0    2    912    440    0    0    0   0.47   40.05  27.80  20.00  39.00  39.00  39.00  29.80   0.00
16:16:01   2.3   0.0   0.5  97.2   0.0    2    892    470    0    0    0   0.48   40.05  27.80  20.00  39.00  39.00  39.00  29.80   0.00
16:16:02   2.8   0.0   1.0  96.2   0.0    2    916    481    0    0    1   0.54   40.05  27.80  20.00  39.00  39.00  39.00  29.80   0.00
16:16:03   2.8   0.0   0.3  97.0   0.0    2    862    507    0    0    1   0.49   40.05  27.80  20.00  40.00  40.00  39.00  29.80   0.00
16:16:04   2.0   0.0   0.5  97.2   0.3    2    933    545    0    0    0   0.51   40.05  27.80  20.00  40.00  40.00  39.00  29.80   0.00
16:16:05   2.0   0.0   0.5  97.5   0.0    2    803    440    0    0    0   0.50   40.05  27.80  20.00  39.00  39.00  39.00  29.80   0.00
16:16:06   1.8   0.0   1.3  97.0   0.0    2    933    516    0    0    0   0.48   40.05  27.80  20.00  39.00  39.00  39.00  29.80   0.00
16:16:07   2.5   0.0   0.8  96.7   0.0    2    853    478    0    0    0   0.48   40.05  27.80  20.00  40.00  40.00  39.00  29.80   0.00
16:16:08   2.0   0.0   0.5  97.5   0.0    2    818    470    0    0    0   0.47   40.05  27.80  20.00  39.00  39.00  39.00  29.80   0.00
16:16:09   2.0   0.0   0.3  97.7   0.0    3    884    502    0    0    0   0.47   40.05  27.80  20.00  39.00  39.00  39.00  29.80   0.00
16:16:10   2.3   0.0   0.8  97.0   0.0    2    963    492    1    0    0   0.52   40.05  27.80  20.00  39.00  39.00  39.00  29.80   0.00
16:16:11   2.3   0.0   0.3  97.5   0.0    4    797    372    0    0    0   0.45   40.05  27.80  20.00  40.00  40.00  39.00  29.80   0.00
16:16:12   3.3   0.0   1.0  95.7   0.0    2    842    473    0    0    0   0.52   40.05  27.80  20.00  39.00  39.00  39.00  29.80   0.00
16:16:13   2.3   0.0   0.3  97.5   0.0    3    902    463    1    0    0   0.52   40.05  27.80  20.00  39.00  39.00  39.00  29.80   0.00
16:16:14   2.8   0.0   0.0  97.0   0.3    3    889    459    2    0    2   0.50   40.05  27.80  20.00  39.00  39.00  39.00  29.80   0.00
16:16:15   2.0   0.0   1.3  96.7   0.0    2    990    482    0    0    0   0.52   40.05  27.80  20.00  40.00  40.00  39.00  29.80   0.00
16:16:16   3.0   0.0   0.5  96.5   0.0    2   1009    489    0    0    0   0.52   40.05  27.80  20.00  39.00  39.00  39.00  29.80   0.00
16:16:17   1.8   0.0   1.0  97.2   0.0    3    812    418    0    0    0   0.46   40.05  27.80  20.00  39.00  39.00  39.00  29.80   0.00
16:16:18   1.8   0.0   0.8  97.5   0.0    3    897    500    0    0    0   0.48   40.05  27.80  20.00  39.00  39.00  39.00  29.80   0.00
16:16:19   2.0   0.0   0.5  97.2   0.3    3    849    513    0    0    0   0.50   40.05  27.80  20.00  39.00  39.00  39.00  29.80   0.00
16:16:20   4.8   0.0   1.5  93.4   0.3    2   1405    676    1    1    1   0.97   40.05  27.80  20.00  39.00  39.00  40.00  29.80   0.00
16:16:21   2.5   0.0   0.5  97.0   0.0    2   1032    490    0    0    0   0.49   40.05  27.80  20.00  39.00  39.00  39.00  29.80   0.00
16:16:22   3.0   0.0   0.5  96.5   0.0    2    947    551    0    0    0   0.56   40.05  27.80  20.00  39.00  39.00  39.00  29.80   0.00
16:16:23   2.3   0.0   0.5  97.2   0.0    2    824    456    0    0    1   0.46   40.05  27.80  20.00  39.00  39.00  39.00  29.80   0.00
16:16:24   2.5   0.0   0.0  97.5   0.0    2    833    457    0    0    0   0.51   40.05  27.80  20.00  39.00  39.00  39.00  29.80   0.00
16:16:25   2.3   0.0   0.5  97.2   0.0    2    807    463    0    0    1   0.51   40.05  27.80  20.00  39.00  39.00  39.00  29.80   0.00
16:16:26   2.3   0.0   0.5  97.0   0.3    2   1028    553    1    0   21   0.53   40.05  27.80  20.00  39.00  39.00  39.00  29.80   0.00
16:16:27   2.3   0.0   0.5  97.2   0.0    3    868    435    0    0    0   0.48   40.05  27.80  20.00  39.00  39.00  39.00  29.80   0.00
16:16:28   2.3   0.0   0.0  97.7   0.0    2    845    461    0    0    0   0.49   40.05  27.80  20.00  39.00  39.00  39.00  29.80   0.00
16:16:29   2.2   0.0   1.0  96.5   0.2    3    878    487    0    0    0   0.50   40.05  27.80  20.00  39.00  39.00  39.00  29.80   0.00
16:16:30   2.3   0.0   0.5  97.2   0.0    3    928    499    1    0    0   0.49   40.05  27.80  20.00  39.00  39.00  39.00  29.80   0.00
16:16:31   1.8   0.0   0.5  97.7   0.0    3    875    421    0    0    0   0.47   40.05  27.80  20.00  39.00  39.00  39.00  29.80   0.00
16:16:32   2.8   0.0   0.3  97.0   0.0    3    946    448    0    0    0   0.51   40.05  27.80  20.00  39.00  39.00  39.00  29.80   0.00
  Time    User  Nice   Sys  Idle    IO  Run Ctxt/s  IRQ/s Fork Exec Exit  Watts    GEN2 iwlwif acpitz INT340   B0D4 x86_pk acpitz acpitz
16:16:33   2.0   0.0   0.3  97.7   0.0    3    851    433    0    0    0   0.47   40.05  27.80  20.00  39.00  39.00  39.00  29.80   0.00
16:16:34   2.0   0.0   0.5  97.5   0.0    4    893    502    0    0    0   0.51   40.05  27.80  20.00  39.00  39.00  39.00  29.80   0.00
16:16:35   2.0   0.0   0.5  97.5   0.0    3    892    456    0    0    0   0.52   40.05  27.80  20.00  39.00  39.00  39.00  29.80   0.00
16:16:36   2.0   0.0   0.5  97.5   0.0    3    905    494    0    0    1   0.48   40.05  27.80  20.00  39.00  39.00  39.00  29.80   0.00
16:16:37   2.0   0.0   0.3  97.7   0.0    3    837    495    0    0    0   0.48   40.05  27.80  20.00  39.00  39.00  39.00  29.80   0.00
16:16:38   2.0   0.0   0.5  97.5   0.0    4    856    470    0    0    0   0.47   40.05  27.80  20.00  39.00  39.00  39.00  29.80   0.00
16:16:39   2.0   0.0   0.3  97.5   0.3    4    817    444    0    0    0   0.50   40.05  27.80  20.00  39.00  39.00  39.00  29.80   0.00
16:16:40   2.0   0.0   0.5  97.5   0.0    3    827    445    0    0    1   0.49   40.05  27.80  20.00  39.00  39.00  39.00  29.80   0.00
16:16:41   2.5   0.0   0.3  97.2   0.0    5    817    399    0    0    0   0.45   40.05  27.80  20.00  39.00  39.00  39.00  29.80   0.00
16:16:42   3.3   0.0   0.5  96.2   0.0    4    914    490    0    0    0   0.51   40.05  27.80  20.00  39.00  39.00  39.00  29.80   0.00
16:16:43   2.0   0.0   0.8  97.2   0.0    5    877    497    0    0    0   0.52   40.05  27.80  20.00  39.00  39.00  39.00  29.80   0.00
16:16:44   1.8   0.0   0.5  97.7   0.0    2    827    440    0    0    0   0.46   40.05  27.80  20.00  38.00  39.00  39.00  29.80   0.00
16:16:45   1.8   0.0   0.5  97.7   0.0    2    889    468    0    0    0   0.50   40.05  27.80  20.00  38.00  39.00  39.00  29.80   0.00
16:16:46   2.5   0.0   0.0  97.5   0.0    2    938    559    0    0    0   0.48   40.05  27.80  20.00  38.00  39.00  39.00  29.80   0.00
16:16:47   1.8   0.0   0.8  97.5   0.0    4    817    458    0    0    0   0.46   40.05  27.80  20.00  38.00  39.00  39.00  29.80   0.00
16:16:48   2.3   0.0   0.8  97.0   0.0    2    843    427    0    0    0   0.45   40.05  27.80  20.00  39.00  39.00  39.00  29.80   0.00
16:16:49   2.3   0.0   0.8  97.0   0.0    1    851    473    0    0    0   0.48   39.05  27.80  20.00  39.00  39.00  39.00  29.80   0.00
16:16:50   2.5   0.0   0.8  96.7   0.0    1   1152    495    0    0    0   0.52   39.05  27.80  20.00  39.00  39.00  39.00  29.80   0.00
16:16:51   2.0   0.0   0.5  97.2   0.3    1    882    433    0    0    0   0.49   39.05  27.80  20.00  39.00  39.00  39.00  29.80   0.00
16:16:52   3.5   0.0   0.5  96.0   0.0    1   1033    493    1    0    0   0.53   39.05  27.80  20.00  39.00  39.00  39.00  29.80   0.00
16:16:53   2.5   0.0   0.5  97.0   0.0    1    859    391    0    0    0   0.46   39.05  27.80  20.00  39.00  39.00  39.00  29.80   0.00
16:16:54   3.8   0.0   2.5  93.7   0.0    1   1138    646    1    1    0   0.97   39.05  27.80  20.00  39.00  39.00  39.00  29.80   0.00
16:16:55   2.8   0.0   0.5  96.7   0.0    1    927    510    0    0    0   0.53   39.05  27.80  20.00  39.00  39.00  39.00  29.80   0.00
16:16:56   1.8   0.0   0.3  98.0   0.0    1    801    339    0    0    0   0.44   39.05  27.80  20.00  38.00  39.00  39.00  29.80   0.00
16:16:57   2.0   0.0   0.3  97.7   0.0    1    844    445    0    0    0   0.51   39.05  27.80  20.00  39.00  39.00  39.00  29.80   0.00
16:16:58   1.5   0.0   0.8  97.7   0.0    1    973    516    1    0    0   0.48   39.05  27.80  20.00  39.00  39.00  39.00  29.80   0.00
16:16:59   2.0   0.0   0.3  97.7   0.0    1    808    397    0    0    0   0.45   39.05  27.80  20.00  39.00  39.00  39.00  29.80   0.00
16:17:00   1.8   0.0   0.3  98.0   0.0    1    900    464    0    0    0   0.51   39.05  27.80  20.00  39.00  39.00  39.00  29.80   0.00
16:17:01   2.3   0.0   0.5  97.2   0.0    1    938    493    0    0    0   0.49   39.05  27.80  20.00  39.00  39.00  39.00  29.80   0.00
16:17:02   2.5   0.0   0.8  96.5   0.3    1   1004    494    3    2    4   0.57   39.05  27.80  20.00  39.00  39.00  39.00  29.80   0.00
16:17:03   2.0   0.0   0.3  97.7   0.0    1    890    464    0    0    0   0.51   39.05  27.80  20.00  39.00  39.00  39.00  29.80   0.00
16:17:04   2.0   0.0   0.5  97.5   0.0    1    835    404    0    0    0   0.46   39.05  27.80  20.00  39.00  39.00  39.00  29.80   0.00
16:17:05   1.8   0.0   0.8  97.5   0.0    1    838    407    0    0    0   0.48   39.05  27.80  20.00  38.00  39.00  39.00  29.80   0.00
16:17:06   1.5   0.0   0.8  97.7   0.0    1    845    429    0    0    0   0.47   39.05  27.80  20.00  39.00  39.00  39.00  29.80   0.00
16:17:07   2.0   0.0   0.3  97.5   0.3    1    942    500    0    0    1   0.52   39.05  27.80  20.00  38.00  38.00  39.00  29.80   0.00
16:17:08   1.8   0.0   0.8  97.5   0.0    1    850    417    0    0    1   0.47   39.05  27.80  20.00  38.00  38.00  38.00  29.80   0.00
16:17:09   1.8   0.0   0.8  97.5   0.0    1    964    586    1    0    0   0.54   39.05  27.80  20.00  39.00  39.00  39.00  29.80   0.00
16:17:10   2.0   0.0   0.3  97.7   0.0    1    869    498    0    0    0   0.50   39.05  27.80  20.00  39.00  39.00  39.00  29.80   0.00
16:17:11   2.5   0.0   0.3  97.2   0.0    1    781    388    0    0    0   0.46   39.05  27.80  20.00  38.00  38.00  39.00  29.80   0.00
16:17:12   3.0   0.0   0.8  96.2   0.0    1    952    544    0    0    0   0.54   39.05  27.80  20.00  38.00  39.00  39.00  29.80   0.00
16:17:13   2.0   0.0   0.8  97.2   0.0    1    815    530    0    0    0   0.52   39.05  27.80  20.00  38.00  39.00  39.00  29.80   0.00
16:17:14   2.0   0.0   0.5  97.5   0.0    1    804    376    0    0    0   0.46   39.05  27.80  20.00  39.00  39.00  39.00  29.80   0.00
16:17:15   2.5   0.0   0.5  96.7   0.3    1   1028    532    1    0    0   0.58   39.05  27.80  20.00  38.00  39.00  39.00  29.80   0.00
16:17:16   2.0   0.0   0.8  97.2   0.0    1    986    514    0    0    0   0.49   39.05  27.80  20.00  38.00  38.00  39.00  29.80   0.00
16:17:17   2.0   0.0   0.5  97.5   0.0    2    802    421    0    0    1   0.47   39.05  27.80  20.00  39.00  39.00  38.00  29.80   0.00
  Time    User  Nice   Sys  Idle    IO  Run Ctxt/s  IRQ/s Fork Exec Exit  Watts    GEN2 iwlwif acpitz INT340   B0D4 x86_pk acpitz acpitz
16:17:18   1.5   0.0   0.8  97.7   0.0    1    941    491    0    0    0   0.52   39.05  27.80  20.00  39.00  39.00  39.00  29.80   0.00
16:17:19   2.3   0.0   0.8  97.0   0.0    1    889    470    0    0    0   0.49   39.05  27.80  20.00  39.00  39.00  39.00  29.80   0.00
16:17:20   2.8   0.0   1.0  96.2   0.0    1   1117    427    0    0    0   0.49   39.05  27.80  20.00  38.00  38.00  38.00  29.80   0.00
16:17:21   2.5   0.0   0.8  96.7   0.0    2    978    472    0    0    0   0.54   39.05  27.80  20.00  39.00  39.00  38.00  29.80   0.00
16:17:22   3.3   0.0   0.5  96.2   0.0    1    937    513    0    0    0   0.53   39.05  27.80  20.00  39.00  39.00  38.00  29.80   0.00
16:17:23   2.3   0.0   0.8  97.0   0.0    1    827    428    0    0    0   0.47   39.05  27.80  20.00  38.00  38.00  38.00  29.80   0.00
16:17:24   2.0   0.0   0.8  97.2   0.0    1   1000    544    3    0    3   0.53   39.05  27.80  20.00  38.00  38.00  38.00  29.80   0.00
16:17:25   2.5   0.0   0.8  96.7   0.0    1    919    526    0    0    0   0.50   39.05  27.80  20.00  38.00  38.00  38.00  29.80   0.00
16:17:26   2.0   0.0   0.5  97.5   0.0    1    897    480    0    0    2   0.51   39.05  27.80  20.00  39.00  39.00  38.00  29.80   0.00
16:17:27   1.5   0.0   1.3  97.0   0.3    1    848    445    0    0    0   0.50   39.05  27.80  20.00  38.00  38.00  38.00  29.80   0.00
16:17:28   2.0   0.0   0.5  97.5   0.0    1    850    498    0    0    1   0.47   39.05  27.80  20.00  38.00  38.00  38.00  29.80   0.00
16:17:29   1.8   0.0   0.8  97.5   0.0    1    807    451    0    0    0   0.46   39.05  27.80  20.00  38.00  38.00  38.00  29.80   0.00
16:17:30   2.3   0.0   0.8  97.0   0.0    1    798    502    0    0    0   0.55   39.05  27.80  20.00  38.00  38.00  38.00  29.80   0.00
16:17:31   2.0   0.0   0.5  97.5   0.0    1    891    460    0    0    0   0.48   39.05  27.80  20.00  38.00  38.00  38.00  29.80   0.00
16:17:32   2.8   0.0   0.8  96.5   0.0    1    874    469    0    0    0   0.51   39.05  27.80  20.00  39.00  39.00  38.00  29.80   0.00
16:17:33   2.5   0.0   0.8  96.8   0.0    1    848    459    0    0    0   0.51   39.05  27.80  20.00  38.00  38.00  38.00  29.80   0.00
16:17:34   2.0   0.0   0.8  97.2   0.0    1    849    403    0    0    0   0.49   39.05  27.80  20.00  39.00  39.00  38.00  29.80   0.00
16:17:35   2.5   0.0   0.3  97.2   0.0    1    841    419    0    0    0   0.46   39.05  27.80  20.00  37.00  38.00  38.00  29.80   0.00
16:17:36   2.0   0.0   0.5  97.5   0.0    1    928    474    2    0    2   0.49   39.05  27.80  20.00  38.00  38.00  38.00  29.80   0.00
16:17:37   2.0   0.0   0.5  97.5   0.0    1    812    479    0    0    0   0.47   39.05  27.80  20.00  38.00  38.00  38.00  29.80   0.00
16:17:38   2.3   0.0   0.5  97.2   0.0    1    837    445    0    0    0   0.46   39.05  27.80  20.00  38.00  38.00  38.00  29.80   0.00
16:17:39   1.5   0.0   1.0  97.2   0.3    1    836    460    0    0    0   0.54   39.05  27.80  20.00  39.00  39.00  38.00  29.80   0.00
16:17:40   2.0   0.0   0.5  97.5   0.0    1    877    521    0    0    1   0.47   39.05  27.80  20.00  38.00  38.00  38.00  29.80   0.00
16:17:41   1.5   0.0   0.5  98.0   0.0    1    828    405    0    0    0   0.49   39.05  27.80  20.00  38.00  38.00  38.00  29.80   0.00
16:17:42   3.0   0.0   0.5  96.5   0.0    1    969    533    0    0    0   0.53   39.05  27.80  20.00  38.00  38.00  38.00  29.80   0.00
16:17:43   2.5   0.0   0.8  96.7   0.0    1   1369    767    2    0    1   0.61   39.05  27.80  20.00  39.00  39.00  38.00  29.80   0.00
16:17:44   2.5   0.0   1.0  96.5   0.0    1   1203    713    0    0    0   0.54   39.05  27.80  20.00  38.00  38.00  38.00  29.80   0.00
16:17:45   1.8   0.0   0.5  97.7   0.0    1    843    485    0    0    0   0.51   39.05  27.80  20.00  38.00  38.00  38.00  29.80   0.00
16:17:46   2.3   0.0   0.3  97.5   0.0    1    886    417    0    0    0   0.48   39.05  27.80  20.00  39.00  39.00  38.00  29.80   0.00
16:17:47   1.8   0.0   0.5  97.7   0.0    1    830    413    0    0    1   0.48   39.05  27.80  20.00  38.00  38.00  38.00  29.80   0.00
-------- ----- ----- ----- ----- ----- ---- ------ ------ ---- ---- ---- ------  ------ ------ ------ ------ ------ ------ ------ ------
 Average   3.4   0.2   0.7  95.5   0.1  1.6 1010.6  565.8  0.5  0.2  0.6   0.76   41.12  27.80  20.00  41.14  41.19  40.80  29.80   0.00
 GeoMean   2.8   0.0   0.0  95.4   0.0  1.4  960.1  530.9  0.0  0.0  0.0   0.63   41.09  27.80  20.00  41.04  41.09  40.70  29.80   0.00
  StdDev   4.1   2.0   0.7   5.2   0.4  0.8  505.3  277.3  1.8  1.1  1.9   0.75    1.59   0.00   0.00   2.98   2.95   2.98   0.00   0.00
-------- ----- ----- ----- ----- ----- ---- ------ ------ ---- ---- ---- ------  ------ ------ ------ ------ ------ ------ ------ ------
 Minimum   1.0   0.0   0.0  67.5   0.0  1.0  747.0  339.0  0.0  0.0  0.0   0.43   39.05  27.80  20.00  37.00  38.00  38.00  29.80   0.00
 Maximum  28.0  24.4   7.8  98.0   4.5  5.0 6858.0 2809.0 20.0 11.0 21.0   4.61   44.05  27.80  20.00  53.00  53.00  52.00  29.80   0.00
-------- ----- ----- ----- ----- ----- ---- ------ ------ ---- ---- ---- ------  ------ ------ ------ ------ ------ ------ ------ ------
Summary:
CPU:   0.76 Watts on average with standard deviation 0.75  
Note: power read from RAPL domains: uncore, package-0, core, dram.
These readings do not cover all the hardware in this device.

C-State    Resident      Count Latency 
C10         70.361%      50758    2600
C9          18.669%      78683     600
C8           3.325%      29945     300
C7s          1.228%      19077     166
C6           0.247%       5582     133
C3           0.521%      18399      40
C1E          0.277%      12856      10
C1           0.086%       4778       2
POLL         0.002%       1382       0
C0           5.284%

