❯ sudo powerstat -Rtc 1 300
Running for 300.0 seconds (300 samples at 1.0 second intervals).
Power measurements will start in 0 seconds time.

  Time    User  Nice   Sys  Idle    IO  Run Ctxt/s  IRQ/s Fork Exec Exit  Watts    GEN2 iwlwif acpitz INT340   B0D4 x86_pk acpitz acpitz
16:27:36  74.5   0.0  25.5   0.0   0.0   22  38740  20321    5    1    2   6.99   42.05  27.80  20.00  59.00  59.00  59.00  29.80   0.00
16:27:37  77.2   0.0  22.8   0.0   0.0   17  38720  19229   11    8   11   7.12   42.05  27.80  20.00  59.00  59.00  59.00  29.80   0.00
16:27:38  81.4   0.0  18.6   0.0   0.0   15  35596  13748   10    4    4   7.11   42.05  27.80  20.00  60.00  60.00  59.00  29.80   0.00
16:27:39  73.6   0.0  26.4   0.0   0.0   20  46949  20411    0    0    1   7.03   42.05  27.80  20.00  61.00  61.00  60.00  29.80   0.00
16:27:40  78.9   0.0  20.8   0.3   0.0   29  44476  23023    0    0    0   7.04   43.05  27.80  20.00  60.00  60.00  60.00  29.80   0.00
16:27:41  77.7   0.0  22.3   0.0   0.0   15  44255  21039    2    1    0   7.05   43.05  27.80  20.00  61.00  61.00  60.00  29.80   0.00
16:27:42  75.8   0.0  24.2   0.0   0.0    8  42292  21115    2    1    0   7.04   43.05  27.80  20.00  61.00  61.00  60.00  29.80   0.00
16:27:43  75.3   0.0  24.7   0.0   0.0   22  44269  22101    2    1    0   7.07   43.05  27.80  20.00  61.00  61.00  60.00  29.80   0.00
16:27:44  75.8   0.0  24.2   0.0   0.0   22  38590  19912    4    2    0   7.08   43.05  27.80  20.00  61.00  61.00  60.00  29.80   0.00
16:27:45  76.7   0.0  23.3   0.0   0.0   22  43159  22074    0    0    0   7.06   43.05  27.80  20.00  61.00  61.00  60.00  29.80   0.00
16:27:46  74.9   0.0  25.1   0.0   0.0   20  55876  23313    0    0    0   7.09   43.05  27.80  20.00  61.00  61.00  61.00  29.80   0.00
16:27:47  75.9   0.0  24.1   0.0   0.0   17  52723  21580    0    0    0   7.13   43.05  27.80  20.00  61.00  61.00  61.00  29.80   0.00
16:27:48  75.5   0.0  24.5   0.0   0.0   20  41151  21812    4    2    0   7.08   43.05  27.80  20.00  61.00  61.00  61.00  29.80   0.00
16:27:49  74.7   0.0  25.3   0.0   0.0   28  45406  23959    2    0    0   7.07   43.05  27.80  20.00  61.00  61.00  61.00  29.80   0.00
16:27:50  78.3   0.0  21.7   0.0   0.0   10  45227  22979    0    0    0   7.12   44.05  27.80  20.00  61.00  61.00  61.00  29.80   0.00
16:27:51  76.5   0.0  23.5   0.0   0.0   20  41311  20209    2    1    0   7.11   44.05  27.80  20.00  62.00  62.00  61.00  29.80   0.00
16:27:52  76.0   0.0  24.0   0.0   0.0   16  42079  20374    6    4    1   7.12   44.05  27.80  20.00  61.00  61.00  61.00  29.80   0.00
16:27:53  73.9   0.0  26.1   0.0   0.0   11  48171  23656    2    1    3   7.11   44.05  27.80  20.00  62.00  62.00  61.00  29.80   0.00
16:27:54  74.3   0.0  25.7   0.0   0.0   24  44987  22046    4    2    0   7.11   44.05  27.80  20.00  62.00  62.00  61.00  29.80   0.00
16:27:55  75.4   0.0  24.6   0.0   0.0   23  44394  21509    0    0    0   7.05   44.05  27.80  20.00  62.00  62.00  61.00  29.80   0.00
16:27:56  72.3   0.0  27.7   0.0   0.0   19  52156  23966    0    0    0   7.11   44.05  27.80  20.00  62.00  62.00  61.00  29.80   0.00
16:27:57  75.8   0.0  24.2   0.0   0.0   20  43761  21346    4    2    0   7.13   44.05  27.80  20.00  62.00  62.00  62.00  29.80   0.00
16:27:58  75.5   0.0  24.5   0.0   0.0   16  46655  23968    0    0    0   7.14   44.05  27.80  20.00  62.00  62.00  62.00  29.80   0.00
16:27:59  74.3   0.0  25.7   0.0   0.0   14  49198  22427    1    0    0   7.09   44.05  27.80  20.00  62.00  62.00  62.00  29.80   0.00
16:28:00  75.3   0.0  24.7   0.0   0.0   18  39186  17933    2    1    1   7.21   44.05  27.80  20.00  63.00  63.00  62.00  29.80   0.00
16:28:01  77.1   0.0  22.9   0.0   0.0   19  38391  18357    2    1    0   7.11   44.05  27.80  20.00  62.00  62.00  62.00  29.80   0.00
16:28:02  75.7   0.0  24.3   0.0   0.0   10  47612  20711    0    0    0   7.12   44.05  27.80  20.00  63.00  63.00  62.00  29.80   0.00
16:28:03  78.1   0.0  21.6   0.3   0.0   19  38275  18886    2    1    3   7.14   44.05  27.80  20.00  62.00  62.00  62.00  29.80   0.00
16:28:04  77.5   0.0  22.5   0.0   0.0   21  39352  18291    2    1    0   7.16   44.05  27.80  20.00  63.00  63.00  62.00  29.80   0.00
16:28:05  77.4   0.0  22.6   0.0   0.0   20  50489  19954    0    0    0   7.18   44.05  27.80  20.00  63.00  63.00  63.00  29.80   0.00
16:28:06  74.9   0.0  25.1   0.0   0.0   21  49089  20059    4    2    0   7.16   44.05  27.80  20.00  63.00  63.00  62.00  29.80   0.00
16:28:07  74.3   0.0  25.7   0.0   0.0   21  46253  20613    0    0    0   7.14   44.05  27.80  20.00  64.00  64.00  63.00  29.80   0.00
16:28:08  78.2   0.0  21.8   0.0   0.0   25  44313  20245    0    0    1   7.12   44.05  27.80  20.00  63.00  63.00  63.00  29.80   0.00
16:28:09  73.8   0.0  26.2   0.0   0.0   24  41572  19814    0    0    0   7.14   44.05  27.80  20.00  63.00  63.00  63.00  29.80   0.00
16:28:10  74.4   0.0  25.6   0.0   0.0   27  48707  21584    0    0    0   7.09   45.05  27.80  20.00  63.00  63.00  63.00  29.80   0.00
16:28:11  75.1   0.0  24.9   0.0   0.0   21  51876  23542    0    0    0   7.13   45.05  27.80  20.00  63.00  63.00  63.00  29.80   0.00
16:28:12  74.4   0.0  25.6   0.0   0.0   25  43161  20896    4    2    0   7.18   45.05  27.80  20.00  63.00  63.00  63.00  29.80   0.00
16:28:13  79.8   0.0  20.2   0.0   0.0   22  45175  22157    0    0    0   7.18   45.05  27.80  20.00  63.00  63.00  63.00  29.80   0.00
16:28:14  75.0   0.0  25.0   0.0   0.0   15  50156  20639    2    1    0   7.15   45.05  27.80  20.00  63.00  63.00  63.00  29.80   0.00
16:28:15  67.2   0.0  32.2   0.6   0.0   22  61573  28779    0    0    1   7.12   45.05  27.80  20.00  63.00  63.00  63.00  29.80   0.00
16:28:16  69.9   0.0  29.9   0.3   0.0   17  55021  28351    4    2    0   7.12   45.05  27.80  20.00  64.00  64.00  63.00  29.80   0.00
16:28:17  65.2   0.0  34.8   0.0   0.0   19  58562  27948    1    0    0   7.13   45.05  27.80  20.00  64.00  64.00  63.00  29.80   0.00
16:28:18  67.0   0.0  33.0   0.0   0.0   12  61535  29715    0    0    0   7.14   45.05  27.80  20.00  63.00  63.00  63.00  29.80   0.00
16:28:19  69.2   0.0  30.5   0.3   0.0   16  62288  26598    2    1    0   7.18   45.05  27.80  20.00  64.00  64.00  64.00  29.80   0.00
16:28:20  69.5   0.0  30.5   0.0   0.0   15  61327  27741    0    0    0   7.16   46.05  27.80  20.00  64.00  64.00  64.00  29.80   0.00
  Time    User  Nice   Sys  Idle    IO  Run Ctxt/s  IRQ/s Fork Exec Exit  Watts    GEN2 iwlwif acpitz INT340   B0D4 x86_pk acpitz acpitz
16:28:21  69.6   0.0  30.4   0.0   0.0   13  58655  28468    2    1    0   7.14   46.05  27.80  20.00  64.00  64.00  63.00  29.80   0.00
16:28:22  70.5   0.0  29.2   0.3   0.0   19  57521  30871    0    0    0   7.14   46.05  27.80  20.00  64.00  64.00  64.00  29.80   0.00
16:28:23  69.0   0.0  30.7   0.3   0.0   20  53523  27864    2    1    0   7.15   46.05  27.80  20.00  64.00  64.00  64.00  29.80   0.00
16:28:24  67.0   0.0  33.0   0.0   0.0   18  55012  27265    2    1    0   7.14   46.05  27.80  20.00  64.00  64.00  64.00  29.80   0.00
16:28:25  68.0   0.0  31.7   0.3   0.0   23  61380  30022    0    0    0   7.14   46.05  27.80  20.00  64.00  64.00  64.00  29.80   0.00
16:28:26  66.2   0.0  33.8   0.0   0.0   20  58496  29439    0    0    0   7.15   46.05  27.80  20.00  64.00  64.00  64.00  29.80   0.00
16:28:27  65.3   0.0  33.5   1.1   0.0   24  58618  30443    0    0    0   7.10   46.05  27.80  20.00  64.00  64.00  64.00  29.80   0.00
16:28:28  69.1   0.0  28.9   2.0   0.0   13  55152  27411    3    1    0   7.12   46.05  27.80  20.00  64.00  64.00  64.00  29.80   0.00
16:28:29  66.9   0.0  32.0   1.1   0.0   20  62402  27634    2    1    0   7.15   46.05  27.80  20.00  64.00  64.00  64.00  29.80   0.00
16:28:30  70.8   0.0  27.8   1.4   0.0   13  57283  27963    0    0    0   7.15   46.05  27.80  20.00  64.00  64.00  64.00  29.80   0.00
16:28:31  66.5   0.0  29.9   3.7   0.0   13  54426  25090    2    1    0   7.09   46.05  27.80  20.00  64.00  64.00  64.00  29.80   0.00
16:28:32  66.0   0.0  30.5   3.5   0.0   13  61445  26773    0    0    0   7.09   46.05  27.80  20.00  64.00  64.00  64.00  29.80   0.00
16:28:33  69.3   0.0  29.1   1.7   0.0   17  59438  29009    0    0    1   7.15   46.05  27.80  20.00  64.00  64.00  64.00  29.80   0.00
16:28:34  64.7   0.0  31.6   3.7   0.0   19  56534  27173    1    0    0   7.15   46.05  27.80  20.00  64.00  64.00  64.00  29.80   0.00
16:28:35  66.7   0.0  30.3   3.1   0.0   12  55478  28100    0    0    0   7.12   46.05  27.80  20.00  65.00  65.00  64.00  29.80   0.00
16:28:36  70.3   0.0  28.3   1.4   0.0   17  57935  25676    2    1    0   7.14   46.05  27.80  20.00  64.00  64.00  64.00  29.80   0.00
16:28:37  67.4   0.0  28.6   4.0   0.0   12  61781  26797    0    0    0   7.12   46.05  27.80  20.00  64.00  64.00  64.00  29.80   0.00
16:28:38  63.7   0.0  32.7   3.5   0.0   11  60517  27173    0    0    1   7.12   46.05  27.80  20.00  65.00  65.00  64.00  29.80   0.00
16:28:39  66.3   0.0  31.4   2.3   0.0   25  52484  25856    0    0    0   7.11   46.05  27.80  20.00  65.00  65.00  64.00  29.80   0.00
16:28:40  64.2   0.0  32.8   2.9   0.0   19  56862  26956    4    2    0   7.14   46.05  27.80  20.00  65.00  65.00  64.00  29.80   0.00
16:28:41  65.3   0.0  33.0   1.7   0.0   16  58465  27773    0    0    0   7.14   46.05  27.80  20.00  65.00  65.00  64.00  29.80   0.00
16:28:42  64.6   0.0  32.0   3.4   0.0   22  56128  27613    2    1    0   7.09   46.05  27.80  20.00  65.00  65.00  64.00  29.80   0.00
16:28:43  66.9   0.0  31.7   1.4   0.0   16  56773  27324    0    0    0   7.17   46.05  27.80  20.00  65.00  65.00  64.00  29.80   0.00
16:28:44  65.9   0.0  32.1   2.0   0.0   19  57642  28684    2    1    0   7.12   46.05  27.80  20.00  66.00  66.00  64.00  29.80   0.00
16:28:45  70.3   0.0  27.4   2.3   0.0   24  52780  23108    0    0    0   7.13   46.05  27.80  20.00  65.00  65.00  65.00  29.80   0.00
16:28:46  66.2   0.0  29.5   4.3   0.0   21  56985  27155    0    0    0   7.12   46.05  27.80  20.00  65.00  65.00  64.00  29.80   0.00
16:28:47  65.5   0.0  30.8   3.4   0.3   23  60131  29292    0    0    0   7.10   46.05  27.80  20.00  64.00  64.00  64.00  29.80   0.00
16:28:48  68.3   0.0  29.7   2.0   0.0   20  55803  28532    0    0    0   7.14   46.05  27.80  20.00  65.00  65.00  65.00  29.80   0.00
16:28:49  65.9   0.0  30.1   3.9   0.0   12  51405  23623    0    0    0   7.15   46.05  27.80  20.00  65.00  65.00  65.00  29.80   0.00
16:28:50  61.6   0.0  32.8   5.6   0.0   15  62287  26859    0    0    0   7.08   47.05  27.80  20.00  65.00  65.00  65.00  29.80   0.00
16:28:51  64.4   0.0  30.0   5.6   0.0   16  58384  23798    2    1    0   7.11   47.05  27.80  20.00  65.00  65.00  65.00  29.80   0.00
16:28:52  65.7   0.0  29.8   4.5   0.0   18  62788  25699    0    0    0   7.12   47.05  27.80  20.00  65.00  65.00  65.00  29.80   0.00
16:28:53  65.4   0.0  29.1   5.5   0.0   16  62149  26684    0    0    0   7.12   47.05  27.80  20.00  65.00  65.00  65.00  29.80   0.00
16:28:54  67.3   0.0  29.9   2.7   0.0   20  56839  25100    0    0    0   7.13   47.05  27.80  20.00  66.00  66.00  65.00  29.80   0.00
16:28:55  69.2   0.0  28.8   1.9   0.0   16  57373  25828    1    0    0   7.16   47.05  27.80  20.00  66.00  66.00  65.00  29.80   0.00
16:28:56  65.6   0.0  29.6   4.7   0.0   19  58984  26092    0    0    0   7.10   47.05  27.80  20.00  65.00  65.00  65.00  29.80   0.00
16:28:57  65.9   0.0  29.5   4.5   0.0   17  59437  25743    0    0    2   7.10   47.05  27.80  20.00  65.00  65.00  65.00  29.80   0.00
16:28:58  64.0   0.0  31.7   4.2   0.0   22  49240  20908    4    2    4   7.13   47.05  27.80  20.00  65.00  65.00  65.00  29.80   0.00
16:28:59  65.1   0.0  30.4   4.5   0.0    9  62574  28855    0    0    0   7.08   47.05  27.80  20.00  66.00  66.00  65.00  29.80   0.00
16:29:00  66.6   0.0  30.1   3.4   0.0    7  53686  22448    3    1    6   7.15   47.05  27.80  20.00  65.00  65.00  65.00  29.80   0.00
16:29:01  67.4   0.0  29.1   3.5   0.0   19  44737  17953    0    0    0   7.29   47.05  27.80  20.00  66.00  66.00  65.00  29.80   0.00
16:29:02  65.6   0.0  28.4   6.1   0.0   18  46550  19535    0    0    1   7.21   47.05  27.80  20.00  66.00  66.00  65.00  29.80   0.00
16:29:03  69.1   0.0  26.9   4.0   0.0   20  60131  27002    0    0    6   7.13   47.05  27.80  20.00  66.00  66.00  65.00  29.80   0.00
16:29:04  66.3   0.0  32.0   1.7   0.0   19  51610  23787    2    1    0   7.18   47.05  27.80  20.00  66.00  66.00  65.00  29.80   0.00
16:29:05  66.4   0.0  29.9   3.7   0.0   18  60771  28674    0    0    3   7.13   47.05  27.80  20.00  65.00  65.00  65.00  29.80   0.00
  Time    User  Nice   Sys  Idle    IO  Run Ctxt/s  IRQ/s Fork Exec Exit  Watts    GEN2 iwlwif acpitz INT340   B0D4 x86_pk acpitz acpitz
16:29:06  61.5   0.0  33.7   4.8   0.0   26  54725  27050    2    1    2   7.10   47.05  27.80  20.00  65.00  65.00  65.00  29.80   0.00
16:29:07  70.9   0.0  27.7   1.4   0.0   16  48112  23296    3    1    2   7.16   47.05  27.80  20.00  66.00  66.00  65.00  29.80   0.00
16:29:08  63.1   0.0  30.1   6.8   0.0   25  53441  24401    2    1    1   7.08   47.05  27.80  20.00  66.00  66.00  65.00  29.80   0.00
16:29:09  64.6   0.0  32.3   3.1   0.0   17  57054  27120    0    0    4   7.13   47.05  27.80  20.00  66.00  66.00  65.00  29.80   0.00
16:29:10  67.6   0.0  28.2   4.2   0.0   18  57118  25333    2    1    4   7.10   48.05  27.80  20.00  65.00  65.00  66.00  29.80   0.00
16:29:11  62.4   0.0  32.1   5.5   0.0   20  59981  26355    0    0    0   7.10   48.05  27.80  20.00  66.00  66.00  65.00  29.80   0.00
16:29:12  64.4   0.0  29.3   6.3   0.0   18  52450  23497    0    0    2   7.07   48.05  27.80  20.00  66.00  66.00  65.00  29.80   0.00
16:29:13  65.6   0.0  31.3   3.1   0.0   15  58187  26021    0    0    4   7.15   48.05  27.80  20.00  66.00  66.00  65.00  29.80   0.00
16:29:14  61.1   0.0  32.6   6.3   0.0   21  56807  25852    0    0    2   7.07   48.05  27.80  20.00  66.00  66.00  66.00  29.80   0.00
16:29:15  65.3   0.0  30.3   4.3   0.0   22  62359  28072    0    0    1   7.12   48.05  27.80  20.00  66.00  66.00  66.00  29.80   0.00
16:29:16  66.2   0.0  28.2   5.6   0.0   20  51029  24057    6    2    0   7.06   48.05  27.80  20.00  66.00  66.00  66.00  29.80   0.00
16:29:17  64.9   0.0  30.3   4.8   0.0   13  59313  26339    0    0    0   7.08   48.05  27.80  20.00  66.00  66.00  66.00  29.80   0.00
16:29:18  70.0   0.0  27.5   2.5   0.0   11  56747  23116    2    1    4   7.13   48.05  27.80  20.00  66.00  66.00  66.00  29.80   0.00
16:29:19  65.0   0.0  29.4   5.3   0.3   24  49989  23038    6    3    0   7.11   48.05  27.80  20.00  66.00  66.00  66.00  29.80   0.00
16:29:20  62.2   0.0  31.4   6.3   0.0   10  60582  27668    0    0    0   7.04   48.05  27.80  20.00  66.00  66.00  66.00  29.80   0.00
16:29:21  63.5   0.0  28.4   8.1   0.0   13  55423  27262    2    1    4   6.98   48.05  27.80  20.00  66.00  66.00  66.00  29.80   0.00
16:29:22  60.2   0.0  32.1   7.7   0.0   22  58851  28251    0    0    2   7.02   48.05  27.80  20.00  66.00  66.00  66.00  29.80   0.00
16:29:23  66.2   0.0  29.8   4.0   0.0   11  58779  29526    0    0    0   7.10   48.05  27.80  20.00  67.00  67.00  66.00  29.80   0.00
16:29:24  63.4   0.0  30.0   6.6   0.0   19  59667  27394    2    1    2   7.06   48.05  27.80  20.00  66.00  66.00  66.00  29.80   0.00
16:29:25  65.5   0.0  29.1   5.4   0.0   12  55858  25851    4    2    2   7.07   48.05  27.80  20.00  66.00  66.00  66.00  29.80   0.00
16:29:26  62.4   0.0  32.0   5.6   0.0   22  51786  25691    2    1    2   7.07   48.05  27.80  20.00  66.00  66.00  66.00  29.80   0.00
16:29:27  61.7   0.0  32.0   6.3   0.0   20  56880  25202    0    0    4   7.07   48.05  27.80  20.00  66.00  66.00  66.00  29.80   0.00
16:29:28  64.6   0.0  30.0   5.1   0.3   18  55705  23754    0    0    0   7.09   48.05  27.80  20.00  66.00  66.00  66.00  29.80   0.00
16:29:29  69.0   0.0  26.2   4.8   0.0    4  56222  20150    5    2    0   7.10   48.05  27.80  20.00  66.00  66.00  66.00  29.80   0.00
16:29:30  66.8   0.0  27.6   5.6   0.0   20  52878  24102    2    1    4   7.10   48.05  27.80  20.00  66.00  66.00  66.00  29.80   0.00
16:29:31  59.4   0.0  32.7   7.9   0.0   10  56442  25685    0    0    0   7.02   48.05  27.80  20.00  66.00  66.00  66.00  29.80   0.00
16:29:32  64.2   0.0  29.3   6.4   0.0   19  53963  23973    2    1    4   7.11   48.05  27.80  20.00  66.00  66.00  66.00  29.80   0.00
16:29:33  64.0   0.0  30.3   5.6   0.0   12  56832  23617    0    0    0   7.09   48.05  27.80  20.00  66.00  66.00  66.00  29.80   0.00
16:29:34  63.1   0.0  29.1   7.7   0.0   10  55248  25232    0    0    0   7.10   48.05  27.80  20.00  66.00  66.00  66.00  29.80   0.00
16:29:35  63.3   0.0  28.9   7.7   0.0   18  56554  24317    2    1    4   7.03   48.05  27.80  20.00  66.00  66.00  66.00  29.80   0.00
16:29:36  65.8   0.0  27.3   6.9   0.0   14  53959  22342    4    2    0   7.04   48.05  27.80  20.00  67.00  67.00  66.00  29.80   0.00
16:29:37  64.3   0.0  28.4   7.3   0.0   20  59581  23406    0    0    0   7.07   48.05  27.80  20.00  66.00  66.00  66.00  29.80   0.00
16:29:38  70.5   0.0  25.9   3.6   0.0   20  55187  23588    0    0    6   7.12   48.05  27.80  20.00  67.00  67.00  66.00  29.80   0.00
16:29:39  72.6   0.0  22.9   4.5   0.0   22  51347  22889    0    0    1   7.11   48.05  27.80  20.00  67.00  67.00  66.00  29.80   0.00
16:29:40  68.5   0.0  26.2   5.4   0.0   19  57658  23269    0    0    0   7.11   49.05  27.80  20.00  66.00  66.00  66.00  29.80   0.00
16:29:41  65.5   0.0  29.9   4.6   0.0   16  53525  25408    2    1    2   7.11   49.05  27.80  20.00  66.00  66.00  66.00  29.80   0.00
16:29:42  65.8   0.0  31.1   3.1   0.0   14  56776  27739    2    1    2   7.13   49.05  27.80  20.00  67.00  67.00  66.00  29.80   0.00
16:29:43  63.0   0.0  30.5   6.5   0.0   16  58790  25982    0    0    2   7.08   49.05  27.80  20.00  67.00  67.00  66.00  29.80   0.00
16:29:44  64.6   0.0  30.6   4.8   0.0   17  65490  25625    0    0    4   7.11   49.05  27.80  20.00  67.00  67.00  67.00  29.80   0.00
16:29:45  66.7   0.0  28.4   4.9   0.0    9  58158  24293    2    1    0   7.11   49.05  27.80  20.00  67.00  67.00  67.00  29.80   0.00
16:29:46  71.7   0.0  25.5   2.8   0.0   22  43984  20535    4    2    0   7.13   49.05  27.80  20.00  67.00  67.00  67.00  29.80   0.00
16:29:47  67.3   0.0  29.2   3.4   0.0   18  51910  24205    2    1    0   7.10   49.05  27.80  20.00  67.00  67.00  67.00  29.80   0.00
16:29:48  67.7   0.0  29.7   2.3   0.3   12  50379  23087    4    2    4   7.15   49.05  27.80  20.00  67.00  67.00  67.00  29.80   0.00
16:29:49  69.3   0.0  27.7   3.1   0.0   18  51919  23516    1    0    0   7.17   49.05  27.80  20.00  67.00  67.00  67.00  29.80   0.00
16:29:50  63.3   0.0  29.7   7.1   0.0   18  56254  25544    2    1    0   7.05   49.05  27.80  20.00  67.00  67.00  67.00  29.80   0.00
  Time    User  Nice   Sys  Idle    IO  Run Ctxt/s  IRQ/s Fork Exec Exit  Watts    GEN2 iwlwif acpitz INT340   B0D4 x86_pk acpitz acpitz
16:29:51  65.5   0.0  29.9   4.5   0.0   21  62630  28703    2    0    4   7.08   49.05  27.80  20.00  67.00  67.00  67.00  29.80   0.00
16:29:52  68.1   0.0  28.2   3.7   0.0   10  55752  25062    3    1    5   7.13   49.05  27.80  20.00  67.00  67.00  67.00  29.80   0.00
16:29:53  66.2   0.0  28.7   5.1   0.0   24  51687  22356    0    0    0   7.11   49.05  27.80  20.00  67.00  67.00  67.00  29.80   0.00
16:29:54  71.9   0.0  27.3   0.8   0.0   13  58733  22350    2    1    5   7.17   49.05  27.80  20.00  67.00  67.00  67.00  29.80   0.00
16:29:55  63.8   0.0  28.4   7.8   0.0   19  51393  23581    1    0    0   7.02   49.05  27.80  20.00  67.00  67.00  67.00  29.80   0.00
16:29:56  64.4   0.0  29.3   6.3   0.0   22  57104  27401    0    0    0   7.11   49.05  27.80  20.00  67.00  67.00  67.00  29.80   0.00
16:29:57  60.9   0.0  31.9   7.2   0.0   16  56483  24201    0    0    4   7.03   49.05  27.80  20.00  67.00  67.00  67.00  29.80   0.00
16:29:58  66.1   0.0  27.6   6.3   0.0   18  52088  23239    2    1    0   7.07   49.05  27.80  20.00  67.00  67.00  67.00  29.80   0.00
16:29:59  69.0   0.0  28.8   2.2   0.0   18  52117  23359    1    0    1   7.12   49.05  27.80  20.00  68.00  68.00  67.00  29.80   0.00
16:30:00  67.7   0.0  30.3   2.0   0.0   17  53350  27364    2    0    2   7.16   49.05  27.80  20.00  67.00  67.00  67.00  29.80   0.00
16:30:01  65.3   0.0  31.2   3.4   0.0   22  49700  22866    2    1    2   7.12   49.05  27.80  20.00  67.00  67.00  67.00  29.80   0.00
16:30:02  67.3   0.0  29.7   3.0   0.0   17  52051  21066    5    2    2   7.14   49.05  27.80  20.00  68.00  68.00  67.00  29.80   0.00
16:30:03  69.3   0.0  29.3   1.4   0.0   12  32729  13888    5    2    2   7.35   49.05  27.80  20.00  68.00  68.00  67.00  29.80   0.00
16:30:04  71.4   0.0  26.8   1.9   0.0   13  34752  13911    4    2    2   7.36   49.05  27.80  20.00  68.00  68.00  68.00  29.80   0.00
16:30:05  73.2   0.0  26.0   0.8   0.0   14  33085  14575    0    0    2   7.36   49.05  27.80  20.00  68.00  68.00  68.00  29.80   0.00
16:30:06  74.5   0.0  24.6   0.8   0.0   20  44795  21734    2    1    4   7.18   49.05  27.80  20.00  68.00  68.00  67.00  29.80   0.00
16:30:07  66.4   0.0  26.8   6.8   0.0   21  51695  21686    2    1    0   7.04   49.05  27.80  20.00  68.00  68.00  67.00  29.80   0.00
16:30:08  62.4   0.0  29.4   8.2   0.0   15  57040  26606    2    0    1   7.01   49.05  27.80  20.00  67.00  67.00  67.00  29.80   0.00
16:30:09  66.9   0.0  29.4   3.7   0.0   14  54369  27218    3    1    0   7.11   49.05  27.80  20.00  67.00  67.00  67.00  29.80   0.00
16:30:10  62.8   0.0  32.1   5.2   0.0   20  60321  29102    0    0    2   7.09   49.05  27.80  20.00  68.00  68.00  67.00  29.80   0.00
16:30:11  70.5   0.0  27.2   2.3   0.0   19  55165  28075    2    1    0   7.13   49.05  27.80  20.00  68.00  68.00  67.00  29.80   0.00
16:30:12  68.8   0.0  27.8   3.4   0.0   11  56372  24396    2    1    5   7.15   49.05  27.80  20.00  69.00  69.00  68.00  29.80   0.00
16:30:13  62.3   0.0  31.7   6.0   0.0   15  58238  27838    0    0    0   7.10   49.05  27.80  20.00  67.00  67.00  68.00  29.80   0.00
16:30:14  61.9   0.0  32.4   5.4   0.3   23  60693  28471    0    0    3   7.08   49.05  27.80  20.00  68.00  68.00  67.00  29.80   0.00
16:30:15  64.4   0.0  31.1   4.5   0.0    9  61043  28009    0    0    0   7.11   49.05  27.80  20.00  68.00  68.00  67.00  29.80   0.00
16:30:16  70.8   0.0  27.2   1.9   0.0   13  55347  27928    2    0    2   7.12   49.05  27.80  20.00  68.00  68.00  67.00  29.80   0.00
16:30:17  67.1   0.0  30.0   2.8   0.0   22  56558  29269    0    0    2   7.13   49.05  27.80  20.00  68.00  68.00  68.00  29.80   0.00
16:30:18  65.4   0.0  30.5   4.1   0.0   14  59964  29781    0    0    0   7.11   49.05  27.80  20.00  68.00  68.00  67.00  29.80   0.00
16:30:19  68.8   0.0  27.6   3.6   0.0    6  57543  27429    1    0    2   7.13   49.05  27.80  20.00  69.00  69.00  67.00  29.80   0.00
16:30:20  71.9   0.0  25.6   2.5   0.0   19  49616  23344    2    1    0   7.11   50.05  27.80  20.00  68.00  68.00  68.00  29.80   0.00
16:30:21  68.1   0.0  30.3   1.7   0.0   18  57877  26497    0    0    2   7.18   50.05  27.80  20.00  68.00  68.00  68.00  29.80   0.00
16:30:22  61.9   0.0  32.8   5.4   0.0   16  61680  27833    0    0    0   7.10   50.05  27.80  20.00  68.00  68.00  68.00  29.80   0.00
16:30:23  70.1   0.0  27.4   2.5   0.0   25  58317  27289    0    0    2   7.16   50.05  27.80  20.00  68.00  68.00  68.00  29.80   0.00
16:30:24  68.2   0.0  28.9   2.9   0.0   16  61296  26048    0    0    2   7.14   50.05  27.80  20.00  68.00  68.00  68.00  29.80   0.00
16:30:25  66.8   0.0  28.7   4.5   0.0   14  56924  27578    2    1    0   7.11   50.05  27.80  20.00  68.00  68.00  68.00  29.80   0.00
16:30:26  64.6   0.0  33.1   2.3   0.0   17  60077  30506    2    0    2   7.15   50.05  27.80  20.00  68.00  68.00  68.00  29.80   0.00
16:30:27  68.8   0.0  29.3   2.0   0.0   23  61971  28355    0    0    0   7.17   50.05  27.80  20.00  68.00  68.00  68.00  29.80   0.00
16:30:28  67.0   0.0  32.1   0.8   0.0   18  54268  27825    2    1    2   7.14   50.05  27.80  20.00  68.00  68.00  68.00  29.80   0.00
16:30:29  66.2   0.0  32.1   1.7   0.0   26  58380  28967    0    0    2   7.18   50.05  27.80  20.00  68.00  68.00  68.00  29.80   0.00
16:30:30  69.7   0.0  29.5   0.8   0.0   23  49603  22752    4    2    0   7.17   50.05  27.80  20.00  68.00  68.00  68.00  29.80   0.00
16:30:31  67.5   0.0  30.9   1.7   0.0   13  55524  25280    3    1    2   7.16   50.05  27.80  20.00  68.00  68.00  68.00  29.80   0.00
16:30:32  67.7   0.0  29.3   3.0   0.0   18  50929  24319    2    1    0   7.11   50.05  27.80  20.00  69.00  69.00  68.00  29.80   0.00
16:30:33  72.5   0.0  23.7   3.9   0.0   17  45507  21706    2    1    0   7.11   50.05  27.80  20.00  69.00  68.00  68.00  29.80   0.00
16:30:34  69.1   0.0  28.6   2.0   0.3   14  58055  24673    0    0    0   7.16   50.05  27.80  20.00  69.00  69.00  68.00  29.80   0.00
16:30:35  63.2   0.0  32.0   4.7   0.0   17  58777  26582    3    2    0   7.15   50.05  27.80  20.00  68.00  68.00  68.00  29.80   0.00
  Time    User  Nice   Sys  Idle    IO  Run Ctxt/s  IRQ/s Fork Exec Exit  Watts    GEN2 iwlwif acpitz INT340   B0D4 x86_pk acpitz acpitz
16:30:36  66.9   0.0  28.3   4.9   0.0   16  50014  20511    1    0    5   7.13   50.05  27.80  20.00  69.00  68.00  68.00  29.80   0.00
16:30:37  68.5   0.0  28.4   3.1   0.0   23  50771  24795    0    0    0   7.14   50.05  27.80  20.00  68.00  68.00  68.00  29.80   0.00
16:30:38  69.4   0.0  28.1   2.5   0.0   12  47611  22564    4    2    0   7.15   50.05  27.80  20.00  68.00  68.00  68.00  29.80   0.00
16:30:39  61.0   0.0  29.7   9.3   0.0   16  53931  22680    0    0    0   6.97   50.05  27.80  20.00  68.00  68.00  68.00  29.80   0.00
16:30:40  63.1   0.0  30.1   6.8   0.0   19  53790  21221    2    1    4   7.09   50.05  27.80  20.00  68.00  68.00  68.00  29.80   0.00
16:30:41  74.2   0.0  25.2   0.6   0.0   13  51233  22821    0    0    0   7.12   50.05  27.80  20.00  69.00  69.00  68.00  29.80   0.00
16:30:42  66.5   0.0  28.4   5.1   0.0   22  63486  26497    0    0    2   7.08   50.05  27.80  20.00  68.00  68.00  68.00  29.80   0.00
16:30:43  61.8   0.0  32.3   5.9   0.0   14  60069  27015    2    1    0   7.10   50.05  27.80  20.00  69.00  68.00  68.00  29.80   0.00
16:30:44  64.1   0.0  30.6   5.2   0.0   18  60035  28220    2    1    2   7.08   50.05  27.80  20.00  68.00  68.00  68.00  29.80   0.00
16:30:45  69.3   0.0  28.2   2.5   0.0   13  58667  29106    0    0    0   7.15   50.05  27.80  20.00  69.00  69.00  68.00  29.80   0.00
16:30:46  67.8   0.0  29.3   2.8   0.0   19  59083  28087    0    0    0   7.16   50.05  27.80  20.00  69.00  69.00  68.00  29.80   0.00
16:30:47  70.3   0.0  28.9   0.8   0.0   19  54144  28801    0    0    0   7.17   50.05  27.80  20.00  69.00  69.00  68.00  29.80   0.00
16:30:48  63.5   0.0  31.6   4.6   0.3   22  63807  28439    0    0    0   7.12   50.05  27.80  20.00  69.00  69.00  68.00  29.80   0.00
16:30:49  64.8   0.0  30.1   5.1   0.0   16  54857  27697    4    2    0   7.11   50.05  27.80  20.00  69.00  69.00  68.00  29.80   0.00
16:30:50  72.9   0.0  25.8   1.4   0.0    6  53585  25638    0    0    0   7.16   50.05  27.80  20.00  69.00  69.00  68.00  29.80   0.00
16:30:51  70.6   0.0  28.0   1.4   0.0   17  53721  26921    4    2    2   7.18   50.05  27.80  20.00  69.00  69.00  68.00  29.80   0.00
16:30:52  67.4   0.0  30.0   2.5   0.0   17  56528  25449    0    0    0   7.15   50.05  27.80  20.00  69.00  69.00  68.00  29.80   0.00
16:30:53  65.7   0.0  31.7   2.6   0.0   13  62913  30428    0    0    0   7.15   50.05  27.80  20.00  69.00  69.00  68.00  29.80   0.00
16:30:54  67.7   0.0  30.1   2.2   0.0   23  53467  24487    2    1    0   7.15   50.05  27.80  20.00  68.00  68.00  68.00  29.80   0.00
16:30:55  71.8   0.0  26.8   1.4   0.0   18  53822  24710    0    0    0   7.17   50.05  27.80  20.00  69.00  69.00  68.00  29.80   0.00
16:30:56  71.6   0.0  27.0   1.4   0.0   15  45038  22119    4    2    0   7.16   50.05  27.80  20.00  69.00  69.00  68.00  29.80   0.00
16:30:57  69.3   0.0  27.9   2.8   0.0   18  52458  24580    1    0    0   7.14   50.05  27.80  20.00  69.00  69.00  68.00  29.80   0.00
16:30:58  69.8   0.0  25.9   4.3   0.0   23  65222  27222    0    0    4   7.14   50.05  27.80  20.00  69.00  69.00  69.00  29.80   0.00
16:30:59  76.6   0.0  22.3   1.1   0.0   17  44032  20370    2    1    0   7.14   50.05  27.80  20.00  69.00  69.00  69.00  29.80   0.00
16:31:00  67.4   0.0  29.4   3.2   0.0   19  55133  24483    0    0    2   7.12   50.05  27.80  20.00  69.00  69.00  69.00  29.80   0.00
16:31:01  70.3   0.0  28.3   1.4   0.0   11  53979  24746    0    0    0   7.19   50.05  27.80  20.00  68.00  68.00  68.00  29.80   0.00
16:31:02  64.2   0.0  33.0   2.8   0.0   24  55735  25353    4    2    0   7.12   50.05  27.80  20.00  69.00  69.00  68.00  29.80   0.00
16:31:03  69.8   0.0  28.2   2.0   0.0   24  58641  28409    0    0    0   7.18   50.05  27.80  20.00  69.00  69.00  69.00  29.80   0.00
16:31:04  69.3   0.0  29.2   1.4   0.0   11  59117  28251    0    0    2   7.18   50.05  27.80  20.00  69.00  69.00  69.00  29.80   0.00
16:31:05  68.1   0.0  30.7   1.1   0.0   17  47682  23309    2    1    0   7.21   50.05  27.80  20.00  69.00  69.00  69.00  29.80   0.00
16:31:06  61.9   0.0  34.5   3.7   0.0   14  50472  21975    3    1    2   7.16   50.05  27.80  20.00  69.00  69.00  69.00  29.80   0.00
16:31:07  73.7   0.0  25.7   0.5   0.0   12  36467  11165    0    0    3   7.43   50.05  27.80  20.00  69.00  69.00  69.00  29.80   0.00
16:31:08  76.8   0.0  22.7   0.6   0.0   17  31801  12972    0    0    2   7.41   50.05  27.80  20.00  69.00  69.00  69.00  29.80   0.00
16:31:09  72.2   0.0  27.2   0.6   0.0    8  38992  14508    0    0    0   7.40   50.05  27.80  20.00  69.00  69.00  69.00  29.80   0.00
16:31:10  73.1   0.0  26.3   0.6   0.0   20  40767  18401    2    1    3   7.35   50.05  27.80  20.00  69.00  69.00  69.00  29.80   0.00
16:31:11  72.8   0.0  26.4   0.8   0.0    8  47566  23494    0    0    0   7.18   51.05  27.80  20.00  69.00  69.00  69.00  29.80   0.00
16:31:12  66.6   0.0  30.9   2.5   0.0   16  47852  22578    2    1    0   7.14   51.05  27.80  20.00  69.00  69.00  69.00  29.80   0.00
16:31:13  68.2   0.0  28.9   2.9   0.0   18  55886  24256    0    0    0   7.16   51.05  27.80  20.00  69.00  69.00  69.00  29.80   0.00
16:31:14  69.5   0.0  28.8   1.7   0.0   19  61268  28781    0    0    0   7.19   51.05  27.80  20.00  69.00  69.00  69.00  29.80   0.00
16:31:15  71.4   0.0  27.2   1.4   0.0    8  53256  24533    2    1    0   7.16   51.05  27.80  20.00  70.00  70.00  69.00  29.80   0.00
16:31:16  75.1   0.0  24.3   0.6   0.0   16  45920  22887    3    1    4   7.16   51.05  27.80  20.00  69.00  69.00  69.00  29.80   0.00
16:31:17  70.7   0.0  27.1   2.3   0.0   18  54933  26483    2    1    0   7.14   51.05  27.80  20.00  69.00  69.00  69.00  29.80   0.00
16:31:18  65.6   0.0  30.1   4.3   0.0   21  54725  22952    0    0    2   7.13   51.05  27.80  20.00  69.00  69.00  69.00  29.80   0.00
16:31:19  67.8   0.0  30.2   2.0   0.0   15  46744  22213    1    0    7   7.20   51.05  27.80  20.00  69.00  69.00  69.00  29.80   0.00
16:31:20  71.2   0.0  27.6   1.1   0.0   21  46903  21409    2    1    0   7.21   51.05  27.80  20.00  69.00  69.00  69.00  29.80   0.00
  Time    User  Nice   Sys  Idle    IO  Run Ctxt/s  IRQ/s Fork Exec Exit  Watts    GEN2 iwlwif acpitz INT340   B0D4 x86_pk acpitz acpitz
16:31:21  72.4   0.0  27.0   0.6   0.0   14  50438  24805    0    0    2   7.21   51.05  27.80  20.00  69.00  69.00  69.00  29.80   0.00
16:31:22  73.1   0.0  26.3   0.6   0.0   13  51079  23861    0    0    0   7.18   51.05  27.80  20.00  69.00  69.00  69.00  29.80   0.00
16:31:23  65.4   0.0  31.7   2.8   0.0   17  58456  28192    0    0    0   7.15   51.05  27.80  20.00  69.00  69.00  69.00  29.80   0.00
16:31:24  63.6   0.0  33.9   2.5   0.0   13  58609  28840    2    1    2   7.11   51.05  27.80  20.00  70.00  70.00  69.00  29.80   0.00
16:31:25  73.7   0.0  24.9   1.3   0.0   17  47027  18782    2    1    4   7.11   51.05  27.80  20.00  70.00  69.00  69.00  29.80   0.00
16:31:26  69.6   0.0  27.8   2.6   0.0   19  55165  23548    1    0    3   7.15   51.05  27.80  20.00  69.00  69.00  69.00  29.80   0.00
16:31:27  60.0   0.0  26.5  13.5   0.0    2  50718  20706    2    1    1   6.74   51.05  27.80  20.00  67.00  67.00  68.00  29.80   0.00
16:31:28  29.0   0.0   5.3  65.2   0.5    2  24325   4011    0    0    0   4.80   51.05  27.80  20.00  67.00  67.00  67.00  29.80   0.00
16:31:29  28.4   0.0   3.1  68.3   0.3    2  23627   3848    0    0    4   4.70   51.05  27.80  20.00  67.00  67.00  66.00  29.80   0.00
16:31:30  52.9   0.0  16.6  30.5   0.0   19  42071  15948    0    0    2   6.25   51.05  27.80  20.00  69.00  69.00  68.00  29.80   0.00
16:31:31  72.2   0.0  26.4   1.1   0.3   17  55053  27960    0    0    0   7.18   51.05  27.80  20.00  69.00  69.00  68.00  29.80   0.00
16:31:32  68.8   0.0  30.3   0.8   0.0   29  53791  28330    0    0    2   7.18   51.05  27.80  20.00  69.00  69.00  69.00  29.80   0.00
16:31:33  68.0   0.0  31.2   0.8   0.0   19  56079  27006    0    0    0   7.18   51.05  27.80  20.00  69.00  69.00  69.00  29.80   0.00
16:31:34  68.6   0.0  30.0   1.4   0.0   17  54312  25798    0    0    0   7.15   51.05  27.80  20.00  69.00  69.00  69.00  29.80   0.00
16:31:35  67.1   0.0  32.3   0.6   0.0   27  60553  27860    0    0    3   7.24   51.05  27.80  20.00  69.00  69.00  69.00  29.80   0.00
16:31:36  65.4   0.0  33.4   1.1   0.0   15  62658  30611    0    0    5   7.21   51.05  27.80  20.00  69.00  69.00  69.00  29.80   0.00
16:31:37  66.9   0.0  30.3   2.9   0.0   19  65144  30469    0    0    0   7.16   51.05  27.80  20.00  69.00  69.00  69.00  29.80   0.00
16:31:38  68.3   0.0  30.6   1.1   0.0   28  58149  30148    0    0    0   7.15   51.05  27.80  20.00  69.00  69.00  69.00  29.80   0.00
16:31:39  73.9   0.0  24.9   1.1   0.0   18  56007  28865    0    0    0   7.17   51.05  27.80  20.00  69.00  69.00  69.00  29.80   0.00
16:31:40  67.0   0.0  32.5   0.6   0.0   20  62274  27734    0    0    0   7.21   51.05  27.80  20.00  69.00  69.00  69.00  29.80   0.00
16:31:41  66.3   0.0  31.4   2.3   0.0   22  63443  30246    0    0    2   7.16   51.05  27.80  20.00  69.00  69.00  69.00  29.80   0.00
16:31:42  65.5   0.0  32.8   1.7   0.0   16  62479  29342    0    0    2   7.16   51.05  27.80  20.00  69.00  69.00  69.00  29.80   0.00
16:31:43  64.9   0.0  31.9   3.2   0.0   23  58900  31370    0    0    0   7.11   51.05  27.80  20.00  69.00  69.00  69.00  29.80   0.00
16:31:44  69.3   0.0  28.4   2.3   0.0    9  61032  29561    0    0    0   7.14   51.05  27.80  20.00  69.00  69.00  69.00  29.80   0.00
16:31:45  69.4   0.0  29.0   1.7   0.0   15  65305  29557    0    0    2   7.18   51.05  27.80  20.00  69.00  69.00  69.00  29.80   0.00
16:31:46  68.3   0.0  29.7   2.0   0.0   19  57001  29026    0    0    4   7.20   51.05  27.80  20.00  69.00  69.00  69.00  29.80   0.00
16:31:47  71.4   0.0  28.0   0.6   0.0   21  55904  29094    0    0    2   7.15   51.05  27.80  20.00  69.00  69.00  69.00  29.80   0.00
16:31:48  64.5   0.0  33.5   2.0   0.0   16  61985  29180    0    0    4   7.14   51.05  27.80  20.00  70.00  70.00  69.00  29.80   0.00
16:31:49  66.2   0.0  31.8   2.0   0.0   19  58571  30183    0    0    0   7.17   51.05  27.80  20.00  69.00  69.00  69.00  29.80   0.00
16:31:50  64.1   0.0  33.6   2.0   0.3   19  57252  29619    0    0    2   7.19   51.05  27.80  20.00  69.00  69.00  69.00  29.80   0.00
16:31:51  68.6   0.0  29.1   2.2   0.0   16  61002  30040    0    0    0   7.15   51.05  27.80  20.00  69.00  69.00  69.00  29.80   0.00
16:31:52  70.0   0.0  28.7   1.4   0.0   13  58844  28166    0    0    2   7.15   51.05  27.80  20.00  69.00  69.00  69.00  29.80   0.00
16:31:53  69.0   0.0  29.3   1.6   0.0   12  59370  26495    0    0    0   7.16   51.05  27.80  20.00  69.00  69.00  69.00  29.80   0.00
16:31:54  64.9   0.0  32.0   3.0   0.0   14  64307  29712    0    0    2   7.14   51.05  27.80  20.00  69.00  69.00  69.00  29.80   0.00
16:31:55  66.2   0.0  31.8   2.0   0.0   13  62260  30862    0    0    0   7.20   51.05  27.80  20.00  69.00  69.00  69.00  29.80   0.00
16:31:56  64.4   0.0  33.6   2.0   0.0   20  59165  30407    0    0    0   7.18   51.05  27.80  20.00  69.00  69.00  69.00  29.80   0.00
16:31:57  67.9   0.0  30.7   1.4   0.0   17  55591  29571    0    0    0   7.17   51.05  27.80  20.00  70.00  70.00  69.00  29.80   0.00
16:31:58  71.5   0.0  28.3   0.3   0.0   25  53791  29287    3    0    4   7.20   51.05  27.80  20.00  70.00  70.00  69.00  29.80   0.00
16:31:59  67.0   0.0  31.2   1.7   0.0   20  59498  29114    0    0    0   7.17   51.05  27.80  20.00  69.00  69.00  69.00  29.80   0.00
16:32:00  64.4   0.0  32.2   3.4   0.0   16  61271  29907    0    0    0   7.11   51.05  27.80  20.00  69.00  69.00  69.00  29.80   0.00
16:32:01  67.7   0.0  31.2   1.1   0.0   18  62813  31536    0    0    2   7.17   51.05  27.80  20.00  69.00  69.00  69.00  29.80   0.00
16:32:02  67.1   0.0  31.7   1.1   0.0   17  58889  30466    0    0    2   7.16   51.05  27.80  20.00  69.00  69.00  69.00  29.80   0.00
16:32:03  78.3   0.0  20.9   0.8   0.0   18  49566  23666    0    0    4   7.11   51.05  27.80  20.00  69.00  69.00  69.00  29.80   0.00
16:32:04  65.7   0.0  33.4   0.8   0.0   19  58811  30553    0    0    4   7.18   51.05  27.80  20.00  70.00  70.00  69.00  29.80   0.00
16:32:05  66.4   0.0  30.2   2.3   1.1   22  59024  28181    0    0    0   7.12   51.05  27.80  20.00  70.00  70.00  69.00  29.80   0.00
  Time    User  Nice   Sys  Idle    IO  Run Ctxt/s  IRQ/s Fork Exec Exit  Watts    GEN2 iwlwif acpitz INT340   B0D4 x86_pk acpitz acpitz
16:32:06  68.3   0.0  29.7   2.0   0.0   10  56146  28954    0    0    2   7.18   51.05  27.80  20.00  70.00  70.00  69.00  29.80   0.00
16:32:07  71.8   0.0  28.0   0.3   0.0   11  55382  26422    0    0    2   7.19   51.05  27.80  20.00  70.00  70.00  69.00  29.80   0.00
16:32:08  71.8   0.0  27.9   0.3   0.0   16  54977  23699    0    0    1   7.18   51.05  27.80  20.00  70.00  70.00  69.00  29.80   0.00
16:32:09  71.5   0.0  27.7   0.8   0.0   18  54812  23292    0    0    2   7.20   51.05  27.80  20.00  70.00  70.00  69.00  29.80   0.00
16:32:10  68.0   0.0  30.9   1.1   0.0   19  54663  24262    1    0    0   7.21   51.05  27.80  20.00  70.00  70.00  69.00  29.80   0.00
16:32:11  71.9   0.0  27.0   1.1   0.0   16  44637  16088    0    0    2   7.37   51.05  27.80  20.00  70.00  70.00  69.00  29.80   0.00
16:32:12  71.0   0.0  27.9   1.1   0.0   17  42004  17893    0    0    2   7.38   51.05  27.80  20.00  70.00  70.00  69.00  29.80   0.00
16:32:13  72.0   0.0  27.2   0.8   0.0   20  34963  14308    0    0    0   7.40   51.05  27.80  20.00  70.00  70.00  69.00  29.80   0.00
16:32:14  76.2   0.0  23.6   0.3   0.0    9  36147  13116    0    0    0   7.42   51.05  27.80  20.00  70.00  70.00  70.00  29.80   0.00
16:32:15  71.2   0.0  28.3   0.5   0.0   16  40047  16838    0    0    1   7.35   51.05  27.80  20.00  70.00  70.00  70.00  29.80   0.00
16:32:16  74.6   0.0  25.1   0.3   0.0   22  54179  25335    1    0    0   7.19   51.05  27.80  20.00  70.00  70.00  69.00  29.80   0.00
16:32:17  68.5   0.0  30.1   1.4   0.0   14  56996  26132    0    0    0   7.15   52.05  27.80  20.00  70.00  70.00  69.00  29.80   0.00
16:32:18  68.9   0.0  29.6   1.4   0.0   13  59561  25394    0    0    0   7.17   52.05  27.80  20.00  70.00  70.00  69.00  29.80   0.00
16:32:19  66.9   0.0  31.5   1.7   0.0   17  58559  28782    0    0    1   7.18   52.05  27.80  20.00  70.00  70.00  69.00  29.80   0.00
16:32:20  68.2   0.0  30.4   1.1   0.3   20  56495  29049    0    0    2   7.23   52.05  27.80  20.00  70.00  70.00  69.00  29.80   0.00
16:32:21  71.1   0.0  28.3   0.6   0.0   22  58539  28030    0    0    0   7.19   52.05  27.80  20.00  70.00  70.00  69.00  29.80   0.00
16:32:22  71.2   0.0  27.7   1.1   0.0   17  53189  28380    0    0    0   7.17   52.05  27.80  20.00  70.00  70.00  69.00  29.80   0.00
16:32:23  68.6   0.0  30.3   1.1   0.0   17  59002  29521    0    0    0   7.17   52.05  27.80  20.00  70.00  70.00  69.00  29.80   0.00
16:32:24  65.9   0.0  32.4   1.7   0.0   25  66688  29375    0    0    0   7.21   52.05  27.80  20.00  70.00  70.00  69.00  29.80   0.00
16:32:25  66.9   0.0  32.0   1.1   0.0   23  62569  30671    0    0    2   7.20   52.05  27.80  20.00  70.00  70.00  69.00  29.80   0.00
16:32:26  67.0   0.0  31.0   2.0   0.0   14  62059  28824    0    0    1   7.15   52.05  27.80  20.00  70.00  70.00  69.00  29.80   0.00
16:32:27  70.1   0.0  29.3   0.5   0.0   15  59448  28193    2    0    0   7.18   52.05  27.80  20.00  70.00  70.00  70.00  29.80   0.00
16:32:28  69.7   0.0  29.5   0.8   0.0   13  61075  27595    0    0    2   7.17   52.05  27.80  20.00  70.00  70.00  70.00  29.80   0.00
16:32:29  70.4   0.0  28.8   0.8   0.0   23  59951  29038    0    0    0   7.17   52.05  27.80  20.00  70.00  70.00  70.00  29.80   0.00
16:32:30  69.1   0.0  29.8   1.1   0.0   21  66790  29174    0    0    2   7.20   52.05  27.80  20.00  70.00  70.00  70.00  29.80   0.00
16:32:31  64.9   0.0  34.3   0.8   0.0   22  63579  29688    0    0    4   7.17   52.05  27.80  20.00  70.00  70.00  70.00  29.80   0.00
16:32:32  68.4   0.0  30.7   0.8   0.0   12  60452  29819    0    0    2   7.16   52.05  27.80  20.00  70.00  70.00  70.00  29.80   0.00
16:32:33  69.2   0.0  30.2   0.5   0.0   23  61929  28821    0    0    2   7.16   52.05  27.80  20.00  70.00  70.00  70.00  29.80   0.00
16:32:34  71.3   0.0  27.9   0.8   0.0   21  61087  29131    0    0    0   7.16   52.05  27.80  20.00  70.00  70.00  70.00  29.80   0.00
16:32:35  68.8   0.0  30.6   0.6   0.0   17  55386  29015    0    0    2   7.22   52.05  27.80  20.00  70.00  70.00  70.00  29.80   0.00
-------- ----- ----- ----- ----- ----- ---- ------ ------ ---- ---- ---- ------  ------ ------ ------ ------ ------ ------ ------ ------
 Average  68.3   0.0  28.6   3.0   0.0 17.4 53957.3 25025.0  1.1  0.5  1.1   7.12   48.56  27.80  20.00  66.82  66.80  66.45  29.80   0.00
 GeoMean  68.0   0.0  28.3   0.0   0.0 16.5 53366.3 24518.7  0.0  0.0  0.0   7.12   48.49  27.80  20.00  66.76  66.75  66.40  29.80   0.00
  StdDev   5.4   0.0   3.6   5.9   0.1  4.7 7406.0 4236.8  1.6  0.8  1.6   0.21    2.59   0.00   0.00   2.66   2.65   2.67   0.00   0.00
-------- ----- ----- ----- ----- ----- ---- ------ ------ ---- ---- ---- ------  ------ ------ ------ ------ ------ ------ ------ ------
 Minimum  28.4   0.0   3.1   0.0   0.0  2.0 23627.0 3848.0  0.0  0.0  0.0   4.70   42.05  27.80  20.00  59.00  59.00  59.00  29.80   0.00
 Maximum  81.4   0.0  34.8  68.3   1.1 29.0 66790.0 31536.0 11.0  8.0 11.0   7.43   52.05  27.80  20.00  70.00  70.00  70.00  29.80   0.00
-------- ----- ----- ----- ----- ----- ---- ------ ------ ---- ---- ---- ------  ------ ------ ------ ------ ------ ------ ------ ------
Summary:
CPU:   7.12 Watts on average with standard deviation 0.21  
Note: power read from RAPL domains: uncore, package-0, core, dram.
These readings do not cover all the hardware in this device.

C-State    Resident      Count Latency 
C10          0.055%        533    2600
C9           0.164%       2377     600
C8           0.120%       3361     300
C7s          0.106%       5057     166
C6           0.056%       3309     133
C3           0.749%      60943      40
C1E          0.824%     110587      10
C1           0.606%      89786       2
POLL         0.006%       5307       0
C0          97.314%

